{"/home/andrei/work/kaiban-distributed/src/adapters/gateway/GatewayApp.ts": {"path":"/home/andrei/work/kaiban-distributed/src/adapters/gateway/GatewayApp.ts","statementMap":{"0":{"start":{"line":12,"column":2},"end":{"line":12,"column":null}},"1":{"start":{"line":16,"column":2},"end":{"line":16,"column":null}},"2":{"start":{"line":24,"column":4},"end":{"line":24,"column":null}},"3":{"start":{"line":25,"column":4},"end":{"line":25,"column":null}},"4":{"start":{"line":26,"column":4},"end":{"line":26,"column":null}},"5":{"start":{"line":27,"column":4},"end":{"line":27,"column":null}},"6":{"start":{"line":31,"column":4},"end":{"line":31,"column":null}},"7":{"start":{"line":32,"column":4},"end":{"line":32,"column":null}},"8":{"start":{"line":33,"column":4},"end":{"line":33,"column":null}},"9":{"start":{"line":34,"column":4},"end":{"line":34,"column":null}},"10":{"start":{"line":35,"column":4},"end":{"line":35,"column":null}},"11":{"start":{"line":39,"column":10},"end":{"line":39,"column":null}},"12":{"start":{"line":40,"column":4},"end":{"line":42,"column":null}},"13":{"start":{"line":41,"column":6},"end":{"line":41,"column":null}},"14":{"start":{"line":43,"column":4},"end":{"line":43,"column":null}},"15":{"start":{"line":47,"column":4},"end":{"line":47,"column":null}},"16":{"start":{"line":51,"column":4},"end":{"line":51,"column":null}},"17":{"start":{"line":55,"column":24},"end":{"line":55,"column":null}},"18":{"start":{"line":56,"column":4},"end":{"line":59,"column":null}},"19":{"start":{"line":57,"column":6},"end":{"line":57,"column":null}},"20":{"start":{"line":58,"column":6},"end":{"line":58,"column":null}},"21":{"start":{"line":61,"column":19},"end":{"line":61,"column":null}},"22":{"start":{"line":62,"column":4},"end":{"line":66,"column":null}},"23":{"start":{"line":63,"column":6},"end":{"line":63,"column":null}},"24":{"start":{"line":65,"column":6},"end":{"line":65,"column":null}},"25":{"start":{"line":70,"column":4},"end":{"line":70,"column":null}}},"fnMap":{"0":{"name":"apiOk","decl":{"start":{"line":11,"column":9},"end":{"line":11,"column":18}},"loc":{"start":{"line":11,"column":43},"end":{"line":13,"column":null}},"line":11},"1":{"name":"apiError","decl":{"start":{"line":15,"column":9},"end":{"line":15,"column":18}},"loc":{"start":{"line":15,"column":54},"end":{"line":17,"column":null}},"line":15},"2":{"name":"(anonymous_2)","decl":{"start":{"line":23,"column":2},"end":{"line":23,"column":14}},"loc":{"start":{"line":23,"column":39},"end":{"line":28,"column":null}},"line":23},"3":{"name":"(anonymous_3)","decl":{"start":{"line":30,"column":10},"end":{"line":30,"column":33}},"loc":{"start":{"line":30,"column":33},"end":{"line":36,"column":null}},"line":30},"4":{"name":"(anonymous_4)","decl":{"start":{"line":38,"column":10},"end":{"line":38,"column":24}},"loc":{"start":{"line":38,"column":79},"end":{"line":44,"column":null}},"line":38},"5":{"name":"(anonymous_5)","decl":{"start":{"line":40,"column":21},"end":{"line":40,"column":27}},"loc":{"start":{"line":40,"column":27},"end":{"line":42,"column":5}},"line":40},"6":{"name":"(anonymous_6)","decl":{"start":{"line":46,"column":10},"end":{"line":46,"column":23}},"loc":{"start":{"line":46,"column":59},"end":{"line":48,"column":null}},"line":46},"7":{"name":"(anonymous_7)","decl":{"start":{"line":50,"column":10},"end":{"line":50,"column":26}},"loc":{"start":{"line":50,"column":62},"end":{"line":52,"column":null}},"line":50},"8":{"name":"(anonymous_8)","decl":{"start":{"line":54,"column":16},"end":{"line":54,"column":26}},"loc":{"start":{"line":54,"column":70},"end":{"line":67,"column":null}},"line":54},"9":{"name":"(anonymous_9)","decl":{"start":{"line":69,"column":10},"end":{"line":69,"column":25}},"loc":{"start":{"line":69,"column":61},"end":{"line":71,"column":null}},"line":69}},"branchMap":{"0":{"loc":{"start":{"line":55,"column":24},"end":{"line":55,"column":null}},"type":"binary-expr","locations":[{"start":{"line":55,"column":24},"end":{"line":55,"column":55}},{"start":{"line":55,"column":55},"end":{"line":55,"column":null}}],"line":55},"1":{"loc":{"start":{"line":56,"column":4},"end":{"line":59,"column":null}},"type":"if","locations":[{"start":{"line":56,"column":4},"end":{"line":59,"column":null}},{"start":{},"end":{}}],"line":56},"2":{"loc":{"start":{"line":62,"column":4},"end":{"line":66,"column":null}},"type":"if","locations":[{"start":{"line":62,"column":4},"end":{"line":66,"column":null}},{"start":{"line":64,"column":11},"end":{"line":66,"column":null}}],"line":62}},"s":{"0":1,"1":4,"2":8,"3":8,"4":8,"5":8,"6":8,"7":8,"8":8,"9":8,"10":8,"11":7,"12":7,"13":7,"14":7,"15":1,"16":1,"17":4,"18":4,"19":2,"20":2,"21":2,"22":2,"23":1,"24":1,"25":1},"f":{"0":1,"1":4,"2":8,"3":8,"4":7,"5":7,"6":1,"7":1,"8":4,"9":1},"b":{"0":[4,1],"1":[2,2],"2":[1,1]},"meta":{"lastBranch":3,"lastFunction":10,"lastStatement":26,"seen":{"f:11:9:11:18":0,"s:12:2:12:Infinity":0,"f:15:9:15:18":1,"s:16:2:16:Infinity":1,"f:23:2:23:14":2,"s:24:4:24:Infinity":2,"s:25:4:25:Infinity":3,"s:26:4:26:Infinity":4,"s:27:4:27:Infinity":5,"f:30:10:30:33":3,"s:31:4:31:Infinity":6,"s:32:4:32:Infinity":7,"s:33:4:33:Infinity":8,"s:34:4:34:Infinity":9,"s:35:4:35:Infinity":10,"f:38:10:38:24":4,"s:39:10:39:Infinity":11,"s:40:4:42:Infinity":12,"f:40:21:40:27":5,"s:41:6:41:Infinity":13,"s:43:4:43:Infinity":14,"f:46:10:46:23":6,"s:47:4:47:Infinity":15,"f:50:10:50:26":7,"s:51:4:51:Infinity":16,"f:54:16:54:26":8,"s:55:24:55:Infinity":17,"b:55:24:55:55:55:55:55:Infinity":0,"b:56:4:59:Infinity:undefined:undefined:undefined:undefined":1,"s:56:4:59:Infinity":18,"s:57:6:57:Infinity":19,"s:58:6:58:Infinity":20,"s:61:19:61:Infinity":21,"b:62:4:66:Infinity:64:11:66:Infinity":2,"s:62:4:66:Infinity":22,"s:63:6:63:Infinity":23,"s:65:6:65:Infinity":24,"f:69:10:69:25":9,"s:70:4:70:Infinity":25}}}
,"/home/andrei/work/kaiban-distributed/src/adapters/gateway/SocketGateway.ts": {"path":"/home/andrei/work/kaiban-distributed/src/adapters/gateway/SocketGateway.ts","statementMap":{"0":{"start":{"line":6,"column":22},"end":{"line":6,"column":null}},"1":{"start":{"line":7,"column":20},"end":{"line":7,"column":null}},"2":{"start":{"line":10,"column":38},"end":{"line":10,"column":null}},"3":{"start":{"line":16,"column":4},"end":{"line":16,"column":null}},"4":{"start":{"line":17,"column":4},"end":{"line":17,"column":null}},"5":{"start":{"line":18,"column":4},"end":{"line":18,"column":null}},"6":{"start":{"line":22,"column":4},"end":{"line":22,"column":null}},"7":{"start":{"line":23,"column":4},"end":{"line":23,"column":null}},"8":{"start":{"line":25,"column":4},"end":{"line":25,"column":null}},"9":{"start":{"line":26,"column":4},"end":{"line":33,"column":null}},"10":{"start":{"line":27,"column":6},"end":{"line":32,"column":null}},"11":{"start":{"line":28,"column":23},"end":{"line":28,"column":null}},"12":{"start":{"line":29,"column":8},"end":{"line":29,"column":null}},"13":{"start":{"line":31,"column":8},"end":{"line":31,"column":null}},"14":{"start":{"line":37,"column":4},"end":{"line":43,"column":null}},"15":{"start":{"line":38,"column":6},"end":{"line":42,"column":null}},"16":{"start":{"line":39,"column":8},"end":{"line":39,"column":null}},"17":{"start":{"line":39,"column":28},"end":{"line":39,"column":37}},"18":{"start":{"line":41,"column":8},"end":{"line":41,"column":null}},"19":{"start":{"line":44,"column":4},"end":{"line":44,"column":null}},"20":{"start":{"line":45,"column":4},"end":{"line":45,"column":null}}},"fnMap":{"0":{"name":"(anonymous_0)","decl":{"start":{"line":15,"column":2},"end":{"line":15,"column":14}},"loc":{"start":{"line":15,"column":85},"end":{"line":19,"column":null}},"line":15},"1":{"name":"(anonymous_1)","decl":{"start":{"line":21,"column":9},"end":{"line":21,"column":28}},"loc":{"start":{"line":21,"column":28},"end":{"line":34,"column":null}},"line":21},"2":{"name":"(anonymous_2)","decl":{"start":{"line":26,"column":39},"end":{"line":26,"column":40}},"loc":{"start":{"line":26,"column":75},"end":{"line":33,"column":5}},"line":26},"3":{"name":"(anonymous_3)","decl":{"start":{"line":36,"column":15},"end":{"line":36,"column":41}},"loc":{"start":{"line":36,"column":41},"end":{"line":46,"column":null}},"line":36},"4":{"name":"(anonymous_4)","decl":{"start":{"line":37,"column":28},"end":{"line":37,"column":29}},"loc":{"start":{"line":37,"column":41},"end":{"line":43,"column":5}},"line":37},"5":{"name":"(anonymous_5)","decl":{"start":{"line":39,"column":22},"end":{"line":39,"column":28}},"loc":{"start":{"line":39,"column":28},"end":{"line":39,"column":37}},"line":39}},"branchMap":{"0":{"loc":{"start":{"line":38,"column":6},"end":{"line":42,"column":null}},"type":"if","locations":[{"start":{"line":38,"column":6},"end":{"line":42,"column":null}},{"start":{"line":40,"column":13},"end":{"line":42,"column":null}}],"line":38}},"s":{"0":1,"1":1,"2":6,"3":6,"4":6,"5":6,"6":4,"7":4,"8":4,"9":4,"10":2,"11":2,"12":2,"13":1,"14":6,"15":6,"16":4,"17":4,"18":2,"19":6,"20":6},"f":{"0":6,"1":4,"2":2,"3":6,"4":6,"5":4},"b":{"0":[4,2]},"meta":{"lastBranch":1,"lastFunction":6,"lastStatement":21,"seen":{"s:6:22:6:Infinity":0,"s:7:20:7:Infinity":1,"s:10:38:10:Infinity":2,"f:15:2:15:14":0,"s:16:4:16:Infinity":3,"s:17:4:17:Infinity":4,"s:18:4:18:Infinity":5,"f:21:9:21:28":1,"s:22:4:22:Infinity":6,"s:23:4:23:Infinity":7,"s:25:4:25:Infinity":8,"s:26:4:33:Infinity":9,"f:26:39:26:40":2,"s:27:6:32:Infinity":10,"s:28:23:28:Infinity":11,"s:29:8:29:Infinity":12,"s:31:8:31:Infinity":13,"f:36:15:36:41":3,"s:37:4:43:Infinity":14,"f:37:28:37:29":4,"b:38:6:42:Infinity:40:13:42:Infinity":0,"s:38:6:42:Infinity":15,"s:39:8:39:Infinity":16,"f:39:22:39:28":5,"s:39:28:39:37":17,"s:41:8:41:Infinity":18,"s:44:4:44:Infinity":19,"s:45:4:45:Infinity":20}}}
,"/home/andrei/work/kaiban-distributed/src/adapters/state/agent-state-publisher.ts": {"path":"/home/andrei/work/kaiban-distributed/src/adapters/state/agent-state-publisher.ts","statementMap":{"0":{"start":{"line":32,"column":22},"end":{"line":32,"column":null}},"1":{"start":{"line":33,"column":23},"end":{"line":33,"column":null}},"2":{"start":{"line":40,"column":4},"end":{"line":40,"column":null}},"3":{"start":{"line":41,"column":4},"end":{"line":41,"column":null}},"4":{"start":{"line":50,"column":4},"end":{"line":52,"column":null}},"5":{"start":{"line":51,"column":6},"end":{"line":51,"column":null}},"6":{"start":{"line":57,"column":4},"end":{"line":60,"column":null}},"7":{"start":{"line":70,"column":36},"end":{"line":70,"column":null}},"8":{"start":{"line":71,"column":16},"end":{"line":71,"column":null}},"9":{"start":{"line":71,"column":76},"end":{"line":71,"column":null}},"10":{"start":{"line":73,"column":4},"end":{"line":107,"column":null}},"11":{"start":{"line":74,"column":20},"end":{"line":74,"column":null}},"12":{"start":{"line":77,"column":6},"end":{"line":81,"column":null}},"13":{"start":{"line":83,"column":6},"end":{"line":106,"column":null}},"14":{"start":{"line":84,"column":23},"end":{"line":84,"column":null}},"15":{"start":{"line":87,"column":8},"end":{"line":96,"column":null}},"16":{"start":{"line":98,"column":8},"end":{"line":98,"column":null}},"17":{"start":{"line":101,"column":8},"end":{"line":104,"column":null}},"18":{"start":{"line":105,"column":8},"end":{"line":105,"column":null}},"19":{"start":{"line":111,"column":4},"end":{"line":111,"column":null}}},"fnMap":{"0":{"name":"(anonymous_0)","decl":{"start":{"line":39,"column":2},"end":{"line":39,"column":14}},"loc":{"start":{"line":39,"column":54},"end":{"line":42,"column":null}},"line":39},"1":{"name":"(anonymous_1)","decl":{"start":{"line":45,"column":10},"end":{"line":45,"column":18}},"loc":{"start":{"line":49,"column":11},"end":{"line":53,"column":null}},"line":49},"2":{"name":"(anonymous_2)","decl":{"start":{"line":50,"column":67},"end":{"line":50,"column":68}},"loc":{"start":{"line":51,"column":6},"end":{"line":51,"column":null}},"line":51},"3":{"name":"(anonymous_3)","decl":{"start":{"line":56,"column":2},"end":{"line":56,"column":22}},"loc":{"start":{"line":56,"column":22},"end":{"line":61,"column":null}},"line":56},"4":{"name":"(anonymous_4)","decl":{"start":{"line":67,"column":2},"end":{"line":67,"column":null}},"loc":{"start":{"line":69,"column":51},"end":{"line":108,"column":null}},"line":69},"5":{"name":"(anonymous_5)","decl":{"start":{"line":71,"column":16},"end":{"line":71,"column":17}},"loc":{"start":{"line":71,"column":76},"end":{"line":71,"column":null}},"line":71},"6":{"name":"(anonymous_6)","decl":{"start":{"line":73,"column":11},"end":{"line":73,"column":18}},"loc":{"start":{"line":73,"column":64},"end":{"line":107,"column":null}},"line":73},"7":{"name":"(anonymous_7)","decl":{"start":{"line":110,"column":8},"end":{"line":110,"column":36}},"loc":{"start":{"line":110,"column":36},"end":{"line":112,"column":null}},"line":110}},"branchMap":{"0":{"loc":{"start":{"line":74,"column":27},"end":{"line":74,"column":72}},"type":"binary-expr","locations":[{"start":{"line":74,"column":27},"end":{"line":74,"column":58}},{"start":{"line":74,"column":58},"end":{"line":74,"column":72}}],"line":74},"1":{"loc":{"start":{"line":94,"column":27},"end":{"line":94,"column":39}},"type":"binary-expr","locations":[{"start":{"line":94,"column":27},"end":{"line":94,"column":37}},{"start":{"line":94,"column":37},"end":{"line":94,"column":39}}],"line":94}},"s":{"0":1,"1":1,"2":5,"3":5,"4":6,"5":1,"6":2,"7":2,"8":2,"9":4,"10":2,"11":2,"12":2,"13":2,"14":2,"15":1,"16":2,"17":1,"18":1,"19":1},"f":{"0":5,"1":6,"2":1,"3":2,"4":2,"5":4,"6":2,"7":1},"b":{"0":[2,1],"1":[1,0]},"meta":{"lastBranch":2,"lastFunction":8,"lastStatement":20,"seen":{"s:32:22:32:Infinity":0,"s:33:23:33:Infinity":1,"f:39:2:39:14":0,"s:40:4:40:Infinity":2,"s:41:4:41:Infinity":3,"f:45:10:45:18":1,"s:50:4:52:Infinity":4,"f:50:67:50:68":2,"s:51:6:51:Infinity":5,"f:56:2:56:22":3,"s:57:4:60:Infinity":6,"f:67:2:67:Infinity":4,"s:70:36:70:Infinity":7,"s:71:16:71:Infinity":8,"f:71:16:71:17":5,"s:71:76:71:Infinity":9,"s:73:4:107:Infinity":10,"f:73:11:73:18":6,"s:74:20:74:Infinity":11,"b:74:27:74:58:74:58:74:72":0,"s:77:6:81:Infinity":12,"s:83:6:106:Infinity":13,"s:84:23:84:Infinity":14,"s:87:8:96:Infinity":15,"b:94:27:94:37:94:37:94:39":1,"s:98:8:98:Infinity":16,"s:101:8:104:Infinity":17,"s:105:8:105:Infinity":18,"f:110:8:110:36":7,"s:111:4:111:Infinity":19}}}
,"/home/andrei/work/kaiban-distributed/src/adapters/state/distributedMiddleware.ts": {"path":"/home/andrei/work/kaiban-distributed/src/adapters/state/distributedMiddleware.ts","statementMap":{"0":{"start":{"line":6,"column":42},"end":{"line":8,"column":null}},"1":{"start":{"line":11,"column":2},"end":{"line":11,"column":null}},"2":{"start":{"line":11,"column":55},"end":{"line":11,"column":null}},"3":{"start":{"line":12,"column":42},"end":{"line":12,"column":null}},"4":{"start":{"line":13,"column":2},"end":{"line":17,"column":null}},"5":{"start":{"line":14,"column":4},"end":{"line":16,"column":null}},"6":{"start":{"line":15,"column":6},"end":{"line":15,"column":null}},"7":{"start":{"line":18,"column":2},"end":{"line":18,"column":null}},"8":{"start":{"line":30,"column":4},"end":{"line":30,"column":null}},"9":{"start":{"line":31,"column":4},"end":{"line":31,"column":null}},"10":{"start":{"line":35,"column":24},"end":{"line":35,"column":null}},"11":{"start":{"line":37,"column":4},"end":{"line":53,"column":null}},"12":{"start":{"line":38,"column":6},"end":{"line":38,"column":null}},"13":{"start":{"line":40,"column":24},"end":{"line":40,"column":null}},"14":{"start":{"line":41,"column":38},"end":{"line":46,"column":null}},"15":{"start":{"line":48,"column":6},"end":{"line":52,"column":null}},"16":{"start":{"line":49,"column":8},"end":{"line":49,"column":null}},"17":{"start":{"line":51,"column":8},"end":{"line":51,"column":null}},"18":{"start":{"line":55,"column":4},"end":{"line":55,"column":null}},"19":{"start":{"line":59,"column":4},"end":{"line":64,"column":null}},"20":{"start":{"line":62,"column":8},"end":{"line":62,"column":null}}},"fnMap":{"0":{"name":"sanitizeDelta","decl":{"start":{"line":10,"column":9},"end":{"line":10,"column":23}},"loc":{"start":{"line":10,"column":66},"end":{"line":19,"column":null}},"line":10},"1":{"name":"(anonymous_1)","decl":{"start":{"line":29,"column":2},"end":{"line":29,"column":14}},"loc":{"start":{"line":29,"column":77},"end":{"line":32,"column":null}},"line":29},"2":{"name":"(anonymous_2)","decl":{"start":{"line":34,"column":9},"end":{"line":34,"column":16}},"loc":{"start":{"line":34,"column":51},"end":{"line":56,"column":null}},"line":34},"3":{"name":"(anonymous_3)","decl":{"start":{"line":37,"column":21},"end":{"line":37,"column":28}},"loc":{"start":{"line":37,"column":99},"end":{"line":53,"column":null}},"line":37},"4":{"name":"(anonymous_4)","decl":{"start":{"line":58,"column":15},"end":{"line":58,"column":22}},"loc":{"start":{"line":58,"column":94},"end":{"line":65,"column":null}},"line":58},"5":{"name":"(anonymous_5)","decl":{"start":{"line":61,"column":6},"end":{"line":61,"column":13}},"loc":{"start":{"line":61,"column":41},"end":{"line":63,"column":null}},"line":61}},"branchMap":{"0":{"loc":{"start":{"line":11,"column":2},"end":{"line":11,"column":null}},"type":"if","locations":[{"start":{"line":11,"column":2},"end":{"line":11,"column":null}},{"start":{},"end":{}}],"line":11},"1":{"loc":{"start":{"line":11,"column":6},"end":{"line":11,"column":55}},"type":"binary-expr","locations":[{"start":{"line":11,"column":6},"end":{"line":11,"column":26}},{"start":{"line":11,"column":26},"end":{"line":11,"column":55}}],"line":11},"2":{"loc":{"start":{"line":14,"column":4},"end":{"line":16,"column":null}},"type":"if","locations":[{"start":{"line":14,"column":4},"end":{"line":16,"column":null}},{"start":{},"end":{}}],"line":14},"3":{"loc":{"start":{"line":29,"column":40},"end":{"line":29,"column":77}},"type":"default-arg","locations":[{"start":{"line":29,"column":54},"end":{"line":29,"column":77}}],"line":29}},"s":{"0":2,"1":5,"2":1,"3":4,"4":4,"5":6,"6":3,"7":4,"8":11,"9":11,"10":10,"11":10,"12":5,"13":5,"14":5,"15":5,"16":5,"17":1,"18":10,"19":1,"20":1},"f":{"0":5,"1":11,"2":10,"3":5,"4":1,"5":1},"b":{"0":[1,4],"1":[5,4],"2":[3,3],"3":[11]},"meta":{"lastBranch":4,"lastFunction":6,"lastStatement":21,"seen":{"s:6:42:8:Infinity":0,"f:10:9:10:23":0,"b:11:2:11:Infinity:undefined:undefined:undefined:undefined":0,"s:11:2:11:Infinity":1,"b:11:6:11:26:11:26:11:55":1,"s:11:55:11:Infinity":2,"s:12:42:12:Infinity":3,"s:13:2:17:Infinity":4,"b:14:4:16:Infinity:undefined:undefined:undefined:undefined":2,"s:14:4:16:Infinity":5,"s:15:6:15:Infinity":6,"s:18:2:18:Infinity":7,"f:29:2:29:14":1,"b:29:54:29:77":3,"s:30:4:30:Infinity":8,"s:31:4:31:Infinity":9,"f:34:9:34:16":2,"s:35:24:35:Infinity":10,"s:37:4:53:Infinity":11,"f:37:21:37:28":3,"s:38:6:38:Infinity":12,"s:40:24:40:Infinity":13,"s:41:38:46:Infinity":14,"s:48:6:52:Infinity":15,"s:49:8:49:Infinity":16,"s:51:8:51:Infinity":17,"s:55:4:55:Infinity":18,"f:58:15:58:22":4,"s:59:4:64:Infinity":19,"f:61:6:61:13":5,"s:62:8:62:Infinity":20}}}
,"/home/andrei/work/kaiban-distributed/src/application/actor/AgentActor.ts": {"path":"/home/andrei/work/kaiban-distributed/src/application/actor/AgentActor.ts","statementMap":{"0":{"start":{"line":9,"column":23},"end":{"line":9,"column":null}},"1":{"start":{"line":10,"column":28},"end":{"line":10,"column":null}},"2":{"start":{"line":11,"column":20},"end":{"line":11,"column":null}},"3":{"start":{"line":12,"column":26},"end":{"line":12,"column":null}},"4":{"start":{"line":15,"column":2},"end":{"line":15,"column":null}},"5":{"start":{"line":19,"column":2},"end":{"line":19,"column":null}},"6":{"start":{"line":19,"column":34},"end":{"line":19,"column":57}},"7":{"start":{"line":34,"column":4},"end":{"line":34,"column":null}},"8":{"start":{"line":35,"column":4},"end":{"line":35,"column":null}},"9":{"start":{"line":36,"column":4},"end":{"line":36,"column":null}},"10":{"start":{"line":37,"column":4},"end":{"line":37,"column":null}},"11":{"start":{"line":41,"column":4},"end":{"line":41,"column":null}},"12":{"start":{"line":42,"column":4},"end":{"line":42,"column":null}},"13":{"start":{"line":46,"column":4},"end":{"line":49,"column":null}},"14":{"start":{"line":47,"column":6},"end":{"line":47,"column":null}},"15":{"start":{"line":48,"column":6},"end":{"line":48,"column":null}},"16":{"start":{"line":51,"column":4},"end":{"line":68,"column":null}},"17":{"start":{"line":51,"column":23},"end":{"line":51,"column":26}},"18":{"start":{"line":52,"column":6},"end":{"line":67,"column":null}},"19":{"start":{"line":53,"column":27},"end":{"line":53,"column":null}},"20":{"start":{"line":54,"column":8},"end":{"line":59,"column":null}},"21":{"start":{"line":60,"column":8},"end":{"line":60,"column":null}},"22":{"start":{"line":62,"column":23},"end":{"line":62,"column":null}},"23":{"start":{"line":63,"column":8},"end":{"line":63,"column":null}},"24":{"start":{"line":64,"column":8},"end":{"line":66,"column":null}},"25":{"start":{"line":65,"column":10},"end":{"line":65,"column":null}},"26":{"start":{"line":70,"column":4},"end":{"line":75,"column":null}},"27":{"start":{"line":79,"column":4},"end":{"line":81,"column":null}},"28":{"start":{"line":80,"column":6},"end":{"line":80,"column":null}},"29":{"start":{"line":82,"column":4},"end":{"line":82,"column":null}},"30":{"start":{"line":83,"column":4},"end":{"line":83,"column":null}},"31":{"start":{"line":87,"column":4},"end":{"line":87,"column":null}},"32":{"start":{"line":88,"column":4},"end":{"line":88,"column":null}}},"fnMap":{"0":{"name":"sanitizeId","decl":{"start":{"line":14,"column":9},"end":{"line":14,"column":20}},"loc":{"start":{"line":14,"column":40},"end":{"line":16,"column":null}},"line":14},"1":{"name":"delay","decl":{"start":{"line":18,"column":15},"end":{"line":18,"column":21}},"loc":{"start":{"line":18,"column":48},"end":{"line":20,"column":null}},"line":18},"2":{"name":"(anonymous_2)","decl":{"start":{"line":19,"column":21},"end":{"line":19,"column":22}},"loc":{"start":{"line":19,"column":34},"end":{"line":19,"column":57}},"line":19},"3":{"name":"(anonymous_3)","decl":{"start":{"line":28,"column":2},"end":{"line":28,"column":null}},"loc":{"start":{"line":33,"column":4},"end":{"line":38,"column":null}},"line":33},"4":{"name":"(anonymous_4)","decl":{"start":{"line":40,"column":15},"end":{"line":40,"column":38}},"loc":{"start":{"line":40,"column":38},"end":{"line":43,"column":null}},"line":40},"5":{"name":"(anonymous_5)","decl":{"start":{"line":45,"column":16},"end":{"line":45,"column":28}},"loc":{"start":{"line":45,"column":68},"end":{"line":76,"column":null}},"line":45},"6":{"name":"(anonymous_6)","decl":{"start":{"line":78,"column":16},"end":{"line":78,"column":28}},"loc":{"start":{"line":78,"column":71},"end":{"line":84,"column":null}},"line":78},"7":{"name":"(anonymous_7)","decl":{"start":{"line":86,"column":15},"end":{"line":86,"column":37}},"loc":{"start":{"line":86,"column":37},"end":{"line":89,"column":null}},"line":86}},"branchMap":{"0":{"loc":{"start":{"line":46,"column":4},"end":{"line":49,"column":null}},"type":"if","locations":[{"start":{"line":46,"column":4},"end":{"line":49,"column":null}},{"start":{},"end":{}}],"line":46},"1":{"loc":{"start":{"line":46,"column":8},"end":{"line":46,"column":64}},"type":"binary-expr","locations":[{"start":{"line":46,"column":8},"end":{"line":46,"column":39}},{"start":{"line":46,"column":39},"end":{"line":46,"column":64}}],"line":46},"2":{"loc":{"start":{"line":58,"column":45},"end":{"line":58,"column":112}},"type":"binary-expr","locations":[{"start":{"line":58,"column":45},"end":{"line":58,"column":59}},{"start":{"line":58,"column":59},"end":{"line":58,"column":112}}],"line":58},"3":{"loc":{"start":{"line":62,"column":23},"end":{"line":62,"column":null}},"type":"cond-expr","locations":[{"start":{"line":62,"column":46},"end":{"line":62,"column":60}},{"start":{"line":62,"column":60},"end":{"line":62,"column":null}}],"line":62},"4":{"loc":{"start":{"line":64,"column":8},"end":{"line":66,"column":null}},"type":"if","locations":[{"start":{"line":64,"column":8},"end":{"line":66,"column":null}},{"start":{},"end":{}}],"line":64},"5":{"loc":{"start":{"line":79,"column":4},"end":{"line":81,"column":null}},"type":"if","locations":[{"start":{"line":79,"column":4},"end":{"line":81,"column":null}},{"start":{},"end":{}}],"line":79}},"s":{"0":1,"1":1,"2":1,"3":1,"4":21,"5":6,"6":6,"7":9,"8":9,"9":9,"10":9,"11":9,"12":9,"13":6,"14":1,"15":1,"16":5,"17":5,"18":9,"19":9,"20":3,"21":3,"22":6,"23":6,"24":6,"25":4,"26":2,"27":9,"28":7,"29":2,"30":2,"31":2,"32":2},"f":{"0":21,"1":6,"2":6,"3":9,"4":9,"5":6,"6":9,"7":2},"b":{"0":[1,5],"1":[6,2],"2":[3,3],"3":[3,3],"4":[4,2],"5":[7,2]},"meta":{"lastBranch":6,"lastFunction":8,"lastStatement":33,"seen":{"s:9:23:9:Infinity":0,"s:10:28:10:Infinity":1,"s:11:20:11:Infinity":2,"s:12:26:12:Infinity":3,"f:14:9:14:20":0,"s:15:2:15:Infinity":4,"f:18:15:18:21":1,"s:19:2:19:Infinity":5,"f:19:21:19:22":2,"s:19:34:19:57":6,"f:28:2:28:Infinity":3,"s:34:4:34:Infinity":7,"s:35:4:35:Infinity":8,"s:36:4:36:Infinity":9,"s:37:4:37:Infinity":10,"f:40:15:40:38":4,"s:41:4:41:Infinity":11,"s:42:4:42:Infinity":12,"f:45:16:45:28":5,"b:46:4:49:Infinity:undefined:undefined:undefined:undefined":0,"s:46:4:49:Infinity":13,"b:46:8:46:39:46:39:46:64":1,"s:47:6:47:Infinity":14,"s:48:6:48:Infinity":15,"s:51:4:68:Infinity":16,"s:51:23:51:26":17,"s:52:6:67:Infinity":18,"s:53:27:53:Infinity":19,"s:54:8:59:Infinity":20,"b:58:45:58:59:58:59:58:112":2,"s:60:8:60:Infinity":21,"s:62:23:62:Infinity":22,"b:62:46:62:60:62:60:62:Infinity":3,"s:63:8:63:Infinity":23,"b:64:8:66:Infinity:undefined:undefined:undefined:undefined":4,"s:64:8:66:Infinity":24,"s:65:10:65:Infinity":25,"s:70:4:75:Infinity":26,"f:78:16:78:28":6,"b:79:4:81:Infinity:undefined:undefined:undefined:undefined":5,"s:79:4:81:Infinity":27,"s:80:6:80:Infinity":28,"s:82:4:82:Infinity":29,"s:83:4:83:Infinity":30,"f:86:15:86:37":7,"s:87:4:87:Infinity":31,"s:88:4:88:Infinity":32}}}
,"/home/andrei/work/kaiban-distributed/src/domain/result.ts": {"path":"/home/andrei/work/kaiban-distributed/src/domain/result.ts","statementMap":{"0":{"start":{"line":4,"column":2},"end":{"line":4,"column":null}},"1":{"start":{"line":8,"column":2},"end":{"line":8,"column":null}},"2":{"start":{"line":12,"column":2},"end":{"line":12,"column":null}},"3":{"start":{"line":16,"column":2},"end":{"line":16,"column":null}}},"fnMap":{"0":{"name":"ok","decl":{"start":{"line":3,"column":16},"end":{"line":3,"column":22}},"loc":{"start":{"line":3,"column":50},"end":{"line":5,"column":null}},"line":3},"1":{"name":"err","decl":{"start":{"line":7,"column":16},"end":{"line":7,"column":23}},"loc":{"start":{"line":7,"column":51},"end":{"line":9,"column":null}},"line":7},"2":{"name":"isOk","decl":{"start":{"line":11,"column":16},"end":{"line":11,"column":27}},"loc":{"start":{"line":11,"column":83},"end":{"line":13,"column":null}},"line":11},"3":{"name":"isErr","decl":{"start":{"line":15,"column":16},"end":{"line":15,"column":28}},"loc":{"start":{"line":15,"column":85},"end":{"line":17,"column":null}},"line":15}},"branchMap":{},"s":{"0":14,"1":4,"2":2,"3":3},"f":{"0":14,"1":4,"2":2,"3":3},"b":{},"meta":{"lastBranch":0,"lastFunction":4,"lastStatement":4,"seen":{"f:3:16:3:22":0,"s:4:2:4:Infinity":0,"f:7:16:7:23":1,"s:8:2:8:Infinity":1,"f:11:16:11:27":2,"s:12:2:12:Infinity":2,"f:15:16:15:28":3,"s:16:2:16:Infinity":3}}}
,"/home/andrei/work/kaiban-distributed/src/domain/entities/DistributedAgentState.ts": {"path":"/home/andrei/work/kaiban-distributed/src/domain/entities/DistributedAgentState.ts","statementMap":{"0":{"start":{"line":3,"column":50},"end":{"line":8,"column":null}},"1":{"start":{"line":19,"column":2},"end":{"line":19,"column":null}},"2":{"start":{"line":19,"column":74},"end":{"line":19,"column":null}},"3":{"start":{"line":20,"column":12},"end":{"line":20,"column":null}},"4":{"start":{"line":21,"column":2},"end":{"line":21,"column":null}},"5":{"start":{"line":21,"column":40},"end":{"line":21,"column":null}},"6":{"start":{"line":22,"column":2},"end":{"line":22,"column":null}},"7":{"start":{"line":22,"column":81},"end":{"line":22,"column":null}},"8":{"start":{"line":23,"column":2},"end":{"line":23,"column":null}},"9":{"start":{"line":23,"column":40},"end":{"line":23,"column":null}},"10":{"start":{"line":24,"column":2},"end":{"line":24,"column":null}}},"fnMap":{"0":{"name":"isDistributedAgentState","decl":{"start":{"line":18,"column":16},"end":{"line":18,"column":40}},"loc":{"start":{"line":18,"column":88},"end":{"line":25,"column":null}},"line":18}},"branchMap":{"0":{"loc":{"start":{"line":19,"column":2},"end":{"line":19,"column":null}},"type":"if","locations":[{"start":{"line":19,"column":2},"end":{"line":19,"column":null}},{"start":{},"end":{}}],"line":19},"1":{"loc":{"start":{"line":19,"column":6},"end":{"line":19,"column":74}},"type":"binary-expr","locations":[{"start":{"line":19,"column":6},"end":{"line":19,"column":24}},{"start":{"line":19,"column":24},"end":{"line":19,"column":47}},{"start":{"line":19,"column":47},"end":{"line":19,"column":74}}],"line":19},"2":{"loc":{"start":{"line":21,"column":2},"end":{"line":21,"column":null}},"type":"if","locations":[{"start":{"line":21,"column":2},"end":{"line":21,"column":null}},{"start":{},"end":{}}],"line":21},"3":{"loc":{"start":{"line":22,"column":2},"end":{"line":22,"column":null}},"type":"if","locations":[{"start":{"line":22,"column":2},"end":{"line":22,"column":null}},{"start":{},"end":{}}],"line":22},"4":{"loc":{"start":{"line":22,"column":6},"end":{"line":22,"column":81}},"type":"binary-expr","locations":[{"start":{"line":22,"column":6},"end":{"line":22,"column":41}},{"start":{"line":22,"column":41},"end":{"line":22,"column":81}}],"line":22},"5":{"loc":{"start":{"line":23,"column":2},"end":{"line":23,"column":null}},"type":"if","locations":[{"start":{"line":23,"column":2},"end":{"line":23,"column":null}},{"start":{},"end":{}}],"line":23}},"s":{"0":1,"1":10,"2":2,"3":8,"4":8,"5":1,"6":7,"7":1,"8":6,"9":1,"10":5},"f":{"0":10},"b":{"0":[2,8],"1":[10,9,9],"2":[1,7],"3":[1,6],"4":[7,7],"5":[1,5]},"meta":{"lastBranch":6,"lastFunction":1,"lastStatement":11,"seen":{"s:3:50:8:Infinity":0,"f:18:16:18:40":0,"b:19:2:19:Infinity:undefined:undefined:undefined:undefined":0,"s:19:2:19:Infinity":1,"b:19:6:19:24:19:24:19:47:19:47:19:74":1,"s:19:74:19:Infinity":2,"s:20:12:20:Infinity":3,"b:21:2:21:Infinity:undefined:undefined:undefined:undefined":2,"s:21:2:21:Infinity":4,"s:21:40:21:Infinity":5,"b:22:2:22:Infinity:undefined:undefined:undefined:undefined":3,"s:22:2:22:Infinity":6,"b:22:6:22:41:22:41:22:81":4,"s:22:81:22:Infinity":7,"b:23:2:23:Infinity:undefined:undefined:undefined:undefined":5,"s:23:2:23:Infinity":8,"s:23:40:23:Infinity":9,"s:24:2:24:Infinity":10}}}
,"/home/andrei/work/kaiban-distributed/src/domain/entities/DistributedTask.ts": {"path":"/home/andrei/work/kaiban-distributed/src/domain/entities/DistributedTask.ts","statementMap":{"0":{"start":{"line":3,"column":49},"end":{"line":9,"column":null}},"1":{"start":{"line":34,"column":2},"end":{"line":34,"column":null}},"2":{"start":{"line":34,"column":74},"end":{"line":34,"column":null}},"3":{"start":{"line":35,"column":12},"end":{"line":35,"column":null}},"4":{"start":{"line":36,"column":2},"end":{"line":36,"column":null}},"5":{"start":{"line":36,"column":39},"end":{"line":36,"column":null}},"6":{"start":{"line":37,"column":2},"end":{"line":37,"column":null}},"7":{"start":{"line":37,"column":80},"end":{"line":37,"column":null}},"8":{"start":{"line":38,"column":2},"end":{"line":38,"column":null}},"9":{"start":{"line":38,"column":33},"end":{"line":38,"column":null}},"10":{"start":{"line":39,"column":2},"end":{"line":39,"column":null}},"11":{"start":{"line":39,"column":65},"end":{"line":39,"column":null}},"12":{"start":{"line":40,"column":2},"end":{"line":40,"column":null}}},"fnMap":{"0":{"name":"isDistributedTask","decl":{"start":{"line":33,"column":16},"end":{"line":33,"column":34}},"loc":{"start":{"line":33,"column":76},"end":{"line":41,"column":null}},"line":33}},"branchMap":{"0":{"loc":{"start":{"line":34,"column":2},"end":{"line":34,"column":null}},"type":"if","locations":[{"start":{"line":34,"column":2},"end":{"line":34,"column":null}},{"start":{},"end":{}}],"line":34},"1":{"loc":{"start":{"line":34,"column":6},"end":{"line":34,"column":74}},"type":"binary-expr","locations":[{"start":{"line":34,"column":6},"end":{"line":34,"column":24}},{"start":{"line":34,"column":24},"end":{"line":34,"column":47}},{"start":{"line":34,"column":47},"end":{"line":34,"column":74}}],"line":34},"2":{"loc":{"start":{"line":36,"column":2},"end":{"line":36,"column":null}},"type":"if","locations":[{"start":{"line":36,"column":2},"end":{"line":36,"column":null}},{"start":{},"end":{}}],"line":36},"3":{"loc":{"start":{"line":37,"column":2},"end":{"line":37,"column":null}},"type":"if","locations":[{"start":{"line":37,"column":2},"end":{"line":37,"column":null}},{"start":{},"end":{}}],"line":37},"4":{"loc":{"start":{"line":37,"column":6},"end":{"line":37,"column":80}},"type":"binary-expr","locations":[{"start":{"line":37,"column":6},"end":{"line":37,"column":41}},{"start":{"line":37,"column":41},"end":{"line":37,"column":80}}],"line":37},"5":{"loc":{"start":{"line":38,"column":2},"end":{"line":38,"column":null}},"type":"if","locations":[{"start":{"line":38,"column":2},"end":{"line":38,"column":null}},{"start":{},"end":{}}],"line":38},"6":{"loc":{"start":{"line":39,"column":2},"end":{"line":39,"column":null}},"type":"if","locations":[{"start":{"line":39,"column":2},"end":{"line":39,"column":null}},{"start":{},"end":{}}],"line":39},"7":{"loc":{"start":{"line":39,"column":6},"end":{"line":39,"column":65}},"type":"binary-expr","locations":[{"start":{"line":39,"column":6},"end":{"line":39,"column":31}},{"start":{"line":39,"column":31},"end":{"line":39,"column":65}}],"line":39}},"s":{"0":1,"1":14,"2":3,"3":11,"4":11,"5":1,"6":10,"7":2,"8":8,"9":1,"10":7,"11":1,"12":6},"f":{"0":14},"b":{"0":[3,11],"1":[14,13,12],"2":[1,10],"3":[2,8],"4":[10,9],"5":[1,7],"6":[1,6],"7":[7,6]},"meta":{"lastBranch":8,"lastFunction":1,"lastStatement":13,"seen":{"s:3:49:9:Infinity":0,"f:33:16:33:34":0,"b:34:2:34:Infinity:undefined:undefined:undefined:undefined":0,"s:34:2:34:Infinity":1,"b:34:6:34:24:34:24:34:47:34:47:34:74":1,"s:34:74:34:Infinity":2,"s:35:12:35:Infinity":3,"b:36:2:36:Infinity:undefined:undefined:undefined:undefined":2,"s:36:2:36:Infinity":4,"s:36:39:36:Infinity":5,"b:37:2:37:Infinity:undefined:undefined:undefined:undefined":3,"s:37:2:37:Infinity":6,"b:37:6:37:41:37:41:37:80":4,"s:37:80:37:Infinity":7,"b:38:2:38:Infinity:undefined:undefined:undefined:undefined":5,"s:38:2:38:Infinity":8,"s:38:33:38:Infinity":9,"b:39:2:39:Infinity:undefined:undefined:undefined:undefined":6,"s:39:2:39:Infinity":10,"b:39:6:39:31:39:31:39:65":7,"s:39:65:39:Infinity":11,"s:40:2:40:Infinity":12}}}
,"/home/andrei/work/kaiban-distributed/src/domain/errors/DomainError.ts": {"path":"/home/andrei/work/kaiban-distributed/src/domain/errors/DomainError.ts","statementMap":{"0":{"start":{"line":5,"column":4},"end":{"line":5,"column":null}},"1":{"start":{"line":6,"column":4},"end":{"line":6,"column":null}},"2":{"start":{"line":11,"column":18},"end":{"line":11,"column":null}},"3":{"start":{"line":14,"column":4},"end":{"line":14,"column":null}},"4":{"start":{"line":19,"column":18},"end":{"line":19,"column":null}},"5":{"start":{"line":22,"column":4},"end":{"line":22,"column":null}},"6":{"start":{"line":27,"column":18},"end":{"line":27,"column":null}},"7":{"start":{"line":30,"column":4},"end":{"line":30,"column":null}},"8":{"start":{"line":35,"column":18},"end":{"line":35,"column":null}},"9":{"start":{"line":38,"column":4},"end":{"line":38,"column":null}}},"fnMap":{"0":{"name":"(anonymous_0)","decl":{"start":{"line":4,"column":2},"end":{"line":4,"column":14}},"loc":{"start":{"line":4,"column":31},"end":{"line":7,"column":null}},"line":4},"1":{"name":"(anonymous_1)","decl":{"start":{"line":13,"column":2},"end":{"line":13,"column":14}},"loc":{"start":{"line":13,"column":30},"end":{"line":15,"column":null}},"line":13},"2":{"name":"(anonymous_2)","decl":{"start":{"line":21,"column":2},"end":{"line":21,"column":14}},"loc":{"start":{"line":21,"column":31},"end":{"line":23,"column":null}},"line":21},"3":{"name":"(anonymous_3)","decl":{"start":{"line":29,"column":2},"end":{"line":29,"column":14}},"loc":{"start":{"line":29,"column":31},"end":{"line":31,"column":null}},"line":29},"4":{"name":"(anonymous_4)","decl":{"start":{"line":37,"column":2},"end":{"line":37,"column":14}},"loc":{"start":{"line":37,"column":31},"end":{"line":39,"column":null}},"line":37}},"branchMap":{},"s":{"0":4,"1":4,"2":1,"3":1,"4":1,"5":1,"6":1,"7":1,"8":1,"9":1},"f":{"0":4,"1":1,"2":1,"3":1,"4":1},"b":{},"meta":{"lastBranch":0,"lastFunction":5,"lastStatement":10,"seen":{"f:4:2:4:14":0,"s:5:4:5:Infinity":0,"s:6:4:6:Infinity":1,"s:11:18:11:Infinity":2,"f:13:2:13:14":1,"s:14:4:14:Infinity":3,"s:19:18:19:Infinity":4,"f:21:2:21:14":2,"s:22:4:22:Infinity":5,"s:27:18:27:Infinity":6,"f:29:2:29:14":3,"s:30:4:30:Infinity":7,"s:35:18:35:Infinity":8,"f:37:2:37:14":4,"s:38:4:38:Infinity":9}}}
,"/home/andrei/work/kaiban-distributed/src/infrastructure/federation/a2a-connector.ts": {"path":"/home/andrei/work/kaiban-distributed/src/infrastructure/federation/a2a-connector.ts","statementMap":{"0":{"start":{"line":34,"column":21},"end":{"line":34,"column":null}},"1":{"start":{"line":35,"column":21},"end":{"line":35,"column":null}},"2":{"start":{"line":39,"column":4},"end":{"line":39,"column":null}},"3":{"start":{"line":45,"column":4},"end":{"line":51,"column":null}},"4":{"start":{"line":46,"column":6},"end":{"line":50,"column":null}},"5":{"start":{"line":53,"column":23},"end":{"line":53,"column":null}},"6":{"start":{"line":54,"column":4},"end":{"line":56,"column":null}},"7":{"start":{"line":55,"column":6},"end":{"line":55,"column":null}},"8":{"start":{"line":57,"column":4},"end":{"line":57,"column":null}},"9":{"start":{"line":64,"column":4},"end":{"line":73,"column":null}},"10":{"start":{"line":66,"column":8},"end":{"line":66,"column":null}},"11":{"start":{"line":68,"column":8},"end":{"line":68,"column":null}},"12":{"start":{"line":70,"column":8},"end":{"line":70,"column":null}},"13":{"start":{"line":72,"column":8},"end":{"line":72,"column":null}},"14":{"start":{"line":79,"column":19},"end":{"line":79,"column":null}},"15":{"start":{"line":80,"column":20},"end":{"line":80,"column":null}},"16":{"start":{"line":82,"column":4},"end":{"line":89,"column":null}},"17":{"start":{"line":83,"column":6},"end":{"line":88,"column":null}},"18":{"start":{"line":91,"column":4},"end":{"line":91,"column":null}}},"fnMap":{"0":{"name":"(anonymous_0)","decl":{"start":{"line":33,"column":2},"end":{"line":33,"column":null}},"loc":{"start":{"line":36,"column":4},"end":{"line":36,"column":null}},"line":36},"1":{"name":"(anonymous_1)","decl":{"start":{"line":38,"column":2},"end":{"line":38,"column":28}},"loc":{"start":{"line":38,"column":28},"end":{"line":40,"column":null}},"line":38},"2":{"name":"(anonymous_2)","decl":{"start":{"line":42,"column":8},"end":{"line":42,"column":null}},"loc":{"start":{"line":44,"column":51},"end":{"line":58,"column":null}},"line":44},"3":{"name":"(anonymous_3)","decl":{"start":{"line":60,"column":16},"end":{"line":60,"column":null}},"loc":{"start":{"line":63,"column":60},"end":{"line":74,"column":null}},"line":63},"4":{"name":"(anonymous_4)","decl":{"start":{"line":76,"column":16},"end":{"line":76,"column":null}},"loc":{"start":{"line":78,"column":34},"end":{"line":92,"column":null}},"line":78}},"branchMap":{"0":{"loc":{"start":{"line":45,"column":4},"end":{"line":51,"column":null}},"type":"if","locations":[{"start":{"line":45,"column":4},"end":{"line":51,"column":null}},{"start":{},"end":{}}],"line":45},"1":{"loc":{"start":{"line":48,"column":12},"end":{"line":48,"column":null}},"type":"binary-expr","locations":[{"start":{"line":48,"column":12},"end":{"line":48,"column":26}},{"start":{"line":48,"column":26},"end":{"line":48,"column":null}}],"line":48},"2":{"loc":{"start":{"line":54,"column":4},"end":{"line":56,"column":null}},"type":"if","locations":[{"start":{"line":54,"column":4},"end":{"line":56,"column":null}},{"start":{},"end":{}}],"line":54},"3":{"loc":{"start":{"line":64,"column":4},"end":{"line":73,"column":null}},"type":"switch","locations":[{"start":{"line":65,"column":6},"end":{"line":66,"column":null}},{"start":{"line":67,"column":6},"end":{"line":68,"column":null}},{"start":{"line":69,"column":6},"end":{"line":70,"column":null}},{"start":{"line":71,"column":6},"end":{"line":72,"column":null}}],"line":64},"4":{"loc":{"start":{"line":70,"column":35},"end":{"line":70,"column":63}},"type":"binary-expr","locations":[{"start":{"line":70,"column":35},"end":{"line":70,"column":57}},{"start":{"line":70,"column":57},"end":{"line":70,"column":63}}],"line":70},"5":{"loc":{"start":{"line":80,"column":27},"end":{"line":80,"column":53}},"type":"binary-expr","locations":[{"start":{"line":80,"column":27},"end":{"line":80,"column":50}},{"start":{"line":80,"column":50},"end":{"line":80,"column":53}}],"line":80},"6":{"loc":{"start":{"line":82,"column":4},"end":{"line":89,"column":null}},"type":"if","locations":[{"start":{"line":82,"column":4},"end":{"line":89,"column":null}},{"start":{},"end":{}}],"line":82},"7":{"loc":{"start":{"line":86,"column":14},"end":{"line":86,"column":null}},"type":"binary-expr","locations":[{"start":{"line":86,"column":14},"end":{"line":86,"column":24}},{"start":{"line":86,"column":24},"end":{"line":86,"column":null}}],"line":86}},"s":{"0":19,"1":19,"2":2,"3":11,"4":2,"5":9,"6":9,"7":1,"8":8,"9":9,"10":2,"11":4,"12":2,"13":1,"14":4,"15":4,"16":4,"17":3,"18":4},"f":{"0":19,"1":2,"2":11,"3":9,"4":4},"b":{"0":[2,9],"1":[2,1],"2":[1,8],"3":[2,4,2,1],"4":[2,1],"5":[4,2],"6":[3,1],"7":[3,1]},"meta":{"lastBranch":8,"lastFunction":5,"lastStatement":19,"seen":{"f:33:2:33:Infinity":0,"s:34:21:34:Infinity":0,"s:35:21:35:Infinity":1,"f:38:2:38:28":1,"s:39:4:39:Infinity":2,"f:42:8:42:Infinity":2,"b:45:4:51:Infinity:undefined:undefined:undefined:undefined":0,"s:45:4:51:Infinity":3,"s:46:6:50:Infinity":4,"b:48:12:48:26:48:26:48:Infinity":1,"s:53:23:53:Infinity":5,"b:54:4:56:Infinity:undefined:undefined:undefined:undefined":2,"s:54:4:56:Infinity":6,"s:55:6:55:Infinity":7,"s:57:4:57:Infinity":8,"f:60:16:60:Infinity":3,"b:65:6:66:Infinity:67:6:68:Infinity:69:6:70:Infinity:71:6:72:Infinity":3,"s:64:4:73:Infinity":9,"s:66:8:66:Infinity":10,"s:68:8:68:Infinity":11,"s:70:8:70:Infinity":12,"b:70:35:70:57:70:57:70:63":4,"s:72:8:72:Infinity":13,"f:76:16:76:Infinity":4,"s:79:19:79:Infinity":14,"s:80:20:80:Infinity":15,"b:80:27:80:50:80:50:80:53":5,"b:82:4:89:Infinity:undefined:undefined:undefined:undefined":6,"s:82:4:89:Infinity":16,"s:83:6:88:Infinity":17,"b:86:14:86:24:86:24:86:Infinity":7,"s:91:4:91:Infinity":18}}}
,"/home/andrei/work/kaiban-distributed/src/infrastructure/federation/mcp-client.ts": {"path":"/home/andrei/work/kaiban-distributed/src/infrastructure/federation/mcp-client.ts","statementMap":{"0":{"start":{"line":6,"column":51},"end":{"line":6,"column":null}},"1":{"start":{"line":11,"column":4},"end":{"line":11,"column":null}},"2":{"start":{"line":12,"column":4},"end":{"line":12,"column":null}},"3":{"start":{"line":15,"column":4},"end":{"line":23,"column":null}},"4":{"start":{"line":27,"column":4},"end":{"line":29,"column":null}},"5":{"start":{"line":30,"column":4},"end":{"line":33,"column":null}},"6":{"start":{"line":34,"column":4},"end":{"line":34,"column":null}},"7":{"start":{"line":35,"column":4},"end":{"line":35,"column":null}},"8":{"start":{"line":39,"column":4},"end":{"line":39,"column":null}},"9":{"start":{"line":46,"column":4},"end":{"line":49,"column":null}},"10":{"start":{"line":53,"column":4},"end":{"line":57,"column":null}},"11":{"start":{"line":54,"column":6},"end":{"line":54,"column":null}},"12":{"start":{"line":55,"column":6},"end":{"line":55,"column":null}},"13":{"start":{"line":56,"column":6},"end":{"line":56,"column":null}}},"fnMap":{"0":{"name":"(anonymous_0)","decl":{"start":{"line":10,"column":2},"end":{"line":10,"column":14}},"loc":{"start":{"line":10,"column":64},"end":{"line":24,"column":null}},"line":10},"1":{"name":"(anonymous_1)","decl":{"start":{"line":26,"column":15},"end":{"line":26,"column":40}},"loc":{"start":{"line":26,"column":40},"end":{"line":36,"column":null}},"line":26},"2":{"name":"(anonymous_2)","decl":{"start":{"line":38,"column":15},"end":{"line":38,"column":45}},"loc":{"start":{"line":38,"column":45},"end":{"line":40,"column":null}},"line":38},"3":{"name":"(anonymous_3)","decl":{"start":{"line":42,"column":15},"end":{"line":42,"column":null}},"loc":{"start":{"line":45,"column":22},"end":{"line":50,"column":null}},"line":45},"4":{"name":"(anonymous_4)","decl":{"start":{"line":52,"column":15},"end":{"line":52,"column":43}},"loc":{"start":{"line":52,"column":43},"end":{"line":58,"column":null}},"line":52}},"branchMap":{"0":{"loc":{"start":{"line":10,"column":37},"end":{"line":10,"column":64}},"type":"default-arg","locations":[{"start":{"line":10,"column":60},"end":{"line":10,"column":64}}],"line":10},"1":{"loc":{"start":{"line":53,"column":4},"end":{"line":57,"column":null}},"type":"if","locations":[{"start":{"line":53,"column":4},"end":{"line":57,"column":null}},{"start":{},"end":{}}],"line":53}},"s":{"0":2,"1":2,"2":2,"3":2,"4":1,"5":1,"6":1,"7":1,"8":1,"9":1,"10":2,"11":1,"12":1,"13":1},"f":{"0":2,"1":1,"2":1,"3":1,"4":2},"b":{"0":[2],"1":[1,1]},"meta":{"lastBranch":2,"lastFunction":5,"lastStatement":14,"seen":{"s:6:51:6:Infinity":0,"f:10:2:10:14":0,"b:10:60:10:64":0,"s:11:4:11:Infinity":1,"s:12:4:12:Infinity":2,"s:15:4:23:Infinity":3,"f:26:15:26:40":1,"s:27:4:29:Infinity":4,"s:30:4:33:Infinity":5,"s:34:4:34:Infinity":6,"s:35:4:35:Infinity":7,"f:38:15:38:45":2,"s:39:4:39:Infinity":8,"f:42:15:42:Infinity":3,"s:46:4:49:Infinity":9,"f:52:15:52:43":4,"b:53:4:57:Infinity:undefined:undefined:undefined:undefined":1,"s:53:4:57:Infinity":10,"s:54:6:54:Infinity":11,"s:55:6:55:Infinity":12,"s:56:6:56:Infinity":13}}}
,"/home/andrei/work/kaiban-distributed/src/infrastructure/kaibanjs/kaiban-agent-bridge.ts": {"path":"/home/andrei/work/kaiban-distributed/src/infrastructure/kaibanjs/kaiban-agent-bridge.ts","statementMap":{"0":{"start":{"line":10,"column":12},"end":{"line":10,"column":null}},"1":{"start":{"line":11,"column":2},"end":{"line":11,"column":null}},"2":{"start":{"line":11,"column":10},"end":{"line":11,"column":null}},"3":{"start":{"line":12,"column":2},"end":{"line":12,"column":null}},"4":{"start":{"line":12,"column":51},"end":{"line":12,"column":null}},"5":{"start":{"line":13,"column":2},"end":{"line":13,"column":null}},"6":{"start":{"line":13,"column":29},"end":{"line":13,"column":null}},"7":{"start":{"line":14,"column":2},"end":{"line":14,"column":null}},"8":{"start":{"line":23,"column":20},"end":{"line":29,"column":null}},"9":{"start":{"line":31,"column":2},"end":{"line":31,"column":null}},"10":{"start":{"line":31,"column":41},"end":{"line":31,"column":null}},"11":{"start":{"line":33,"column":38},"end":{"line":33,"column":null}},"12":{"start":{"line":34,"column":47},"end":{"line":37,"column":null}},"13":{"start":{"line":38,"column":2},"end":{"line":41,"column":null}},"14":{"start":{"line":39,"column":16},"end":{"line":39,"column":null}},"15":{"start":{"line":40,"column":4},"end":{"line":40,"column":null}},"16":{"start":{"line":40,"column":13},"end":{"line":40,"column":null}},"17":{"start":{"line":43,"column":2},"end":{"line":43,"column":null}},"18":{"start":{"line":57,"column":16},"end":{"line":57,"column":null}},"19":{"start":{"line":58,"column":2},"end":{"line":58,"column":null}},"20":{"start":{"line":60,"column":2},"end":{"line":75,"column":null}},"21":{"start":{"line":62,"column":4},"end":{"line":62,"column":null}},"22":{"start":{"line":64,"column":17},"end":{"line":68,"column":null}},"23":{"start":{"line":70,"column":20},"end":{"line":70,"column":null}},"24":{"start":{"line":71,"column":20},"end":{"line":71,"column":null}},"25":{"start":{"line":73,"column":23},"end":{"line":73,"column":null}},"26":{"start":{"line":74,"column":4},"end":{"line":74,"column":null}}},"fnMap":{"0":{"name":"extractFinalAnswer","decl":{"start":{"line":9,"column":9},"end":{"line":9,"column":28}},"loc":{"start":{"line":9,"column":66},"end":{"line":15,"column":null}},"line":9},"1":{"name":"initializeAgentLLM","decl":{"start":{"line":22,"column":9},"end":{"line":22,"column":28}},"loc":{"start":{"line":22,"column":48},"end":{"line":44,"column":null}},"line":22},"2":{"name":"createKaibanTaskHandler","decl":{"start":{"line":52,"column":16},"end":{"line":52,"column":null}},"loc":{"start":{"line":56,"column":49},"end":{"line":76,"column":null}},"line":56},"3":{"name":"(anonymous_3)","decl":{"start":{"line":60,"column":9},"end":{"line":60,"column":16}},"loc":{"start":{"line":60,"column":62},"end":{"line":75,"column":null}},"line":60}},"branchMap":{"0":{"loc":{"start":{"line":11,"column":2},"end":{"line":11,"column":null}},"type":"if","locations":[{"start":{"line":11,"column":2},"end":{"line":11,"column":null}},{"start":{},"end":{}}],"line":11},"1":{"loc":{"start":{"line":12,"column":2},"end":{"line":12,"column":null}},"type":"if","locations":[{"start":{"line":12,"column":2},"end":{"line":12,"column":null}},{"start":{},"end":{}}],"line":12},"2":{"loc":{"start":{"line":12,"column":6},"end":{"line":12,"column":51}},"type":"binary-expr","locations":[{"start":{"line":12,"column":6},"end":{"line":12,"column":31}},{"start":{"line":12,"column":31},"end":{"line":12,"column":51}}],"line":12},"3":{"loc":{"start":{"line":13,"column":2},"end":{"line":13,"column":null}},"type":"if","locations":[{"start":{"line":13,"column":2},"end":{"line":13,"column":null}},{"start":{},"end":{}}],"line":13},"4":{"loc":{"start":{"line":31,"column":2},"end":{"line":31,"column":null}},"type":"if","locations":[{"start":{"line":31,"column":2},"end":{"line":31,"column":null}},{"start":{},"end":{}}],"line":31},"5":{"loc":{"start":{"line":31,"column":6},"end":{"line":31,"column":41}},"type":"binary-expr","locations":[{"start":{"line":31,"column":6},"end":{"line":31,"column":19}},{"start":{"line":31,"column":19},"end":{"line":31,"column":41}}],"line":31},"6":{"loc":{"start":{"line":40,"column":4},"end":{"line":40,"column":null}},"type":"if","locations":[{"start":{"line":40,"column":4},"end":{"line":40,"column":null}},{"start":{},"end":{}}],"line":40},"7":{"loc":{"start":{"line":65,"column":26},"end":{"line":65,"column":71}},"type":"binary-expr","locations":[{"start":{"line":65,"column":26},"end":{"line":65,"column":57}},{"start":{"line":65,"column":57},"end":{"line":65,"column":71}}],"line":65},"8":{"loc":{"start":{"line":66,"column":29},"end":{"line":66,"column":76}},"type":"binary-expr","locations":[{"start":{"line":66,"column":29},"end":{"line":66,"column":63}},{"start":{"line":66,"column":63},"end":{"line":66,"column":76}}],"line":66},"9":{"loc":{"start":{"line":70,"column":20},"end":{"line":70,"column":null}},"type":"binary-expr","locations":[{"start":{"line":70,"column":20},"end":{"line":70,"column":74}},{"start":{"line":70,"column":74},"end":{"line":70,"column":null}}],"line":70},"10":{"loc":{"start":{"line":71,"column":27},"end":{"line":71,"column":56}},"type":"binary-expr","locations":[{"start":{"line":71,"column":27},"end":{"line":71,"column":54}},{"start":{"line":71,"column":54},"end":{"line":71,"column":56}}],"line":71}},"s":{"0":6,"1":6,"2":1,"3":5,"4":3,"5":2,"6":1,"7":1,"8":17,"9":17,"10":1,"11":16,"12":16,"13":16,"14":96,"15":96,"16":0,"17":16,"18":10,"19":10,"20":10,"21":7,"22":7,"23":7,"24":7,"25":7,"26":6},"f":{"0":6,"1":17,"2":10,"3":7},"b":{"0":[1,5],"1":[3,2],"2":[5,4],"3":[1,1],"4":[1,16],"5":[17,17],"6":[0,96],"7":[7,6],"8":[7,6],"9":[7,6],"10":[7,6]},"meta":{"lastBranch":11,"lastFunction":4,"lastStatement":27,"seen":{"f:9:9:9:28":0,"s:10:12:10:Infinity":0,"b:11:2:11:Infinity:undefined:undefined:undefined:undefined":0,"s:11:2:11:Infinity":1,"s:11:10:11:Infinity":2,"b:12:2:12:Infinity:undefined:undefined:undefined:undefined":1,"s:12:2:12:Infinity":3,"b:12:6:12:31:12:31:12:51":2,"s:12:51:12:Infinity":4,"b:13:2:13:Infinity:undefined:undefined:undefined:undefined":3,"s:13:2:13:Infinity":5,"s:13:29:13:Infinity":6,"s:14:2:14:Infinity":7,"f:22:9:22:28":1,"s:23:20:29:Infinity":8,"b:31:2:31:Infinity:undefined:undefined:undefined:undefined":4,"s:31:2:31:Infinity":9,"b:31:6:31:19:31:19:31:41":5,"s:31:41:31:Infinity":10,"s:33:38:33:Infinity":11,"s:34:47:37:Infinity":12,"s:38:2:41:Infinity":13,"s:39:16:39:Infinity":14,"b:40:4:40:Infinity:undefined:undefined:undefined:undefined":6,"s:40:4:40:Infinity":15,"s:40:13:40:Infinity":16,"s:43:2:43:Infinity":17,"f:52:16:52:Infinity":2,"s:57:16:57:Infinity":18,"s:58:2:58:Infinity":19,"s:60:2:75:Infinity":20,"f:60:9:60:16":3,"s:62:4:62:Infinity":21,"s:64:17:68:Infinity":22,"b:65:26:65:57:65:57:65:71":7,"b:66:29:66:63:66:63:66:76":8,"s:70:20:70:Infinity":23,"b:70:20:70:74:70:74:70:Infinity":9,"s:71:20:71:Infinity":24,"b:71:27:71:54:71:54:71:56":10,"s:73:23:73:Infinity":25,"s:74:4:74:Infinity":26}}}
,"/home/andrei/work/kaiban-distributed/src/infrastructure/kaibanjs/kaiban-team-bridge.ts": {"path":"/home/andrei/work/kaiban-distributed/src/infrastructure/kaibanjs/kaiban-team-bridge.ts","statementMap":{"0":{"start":{"line":32,"column":4},"end":{"line":32,"column":null}},"1":{"start":{"line":33,"column":4},"end":{"line":33,"column":null}},"2":{"start":{"line":35,"column":18},"end":{"line":35,"column":null}},"3":{"start":{"line":36,"column":4},"end":{"line":36,"column":null}},"4":{"start":{"line":40,"column":4},"end":{"line":40,"column":null}},"5":{"start":{"line":44,"column":4},"end":{"line":44,"column":null}},"6":{"start":{"line":51,"column":4},"end":{"line":51,"column":null}}},"fnMap":{"0":{"name":"(anonymous_0)","decl":{"start":{"line":27,"column":2},"end":{"line":27,"column":null}},"loc":{"start":{"line":31,"column":4},"end":{"line":37,"column":null}},"line":31},"1":{"name":"(anonymous_1)","decl":{"start":{"line":39,"column":2},"end":{"line":39,"column":18}},"loc":{"start":{"line":39,"column":18},"end":{"line":41,"column":null}},"line":39},"2":{"name":"(anonymous_2)","decl":{"start":{"line":43,"column":8},"end":{"line":43,"column":14}},"loc":{"start":{"line":43,"column":114},"end":{"line":45,"column":null}},"line":43},"3":{"name":"(anonymous_3)","decl":{"start":{"line":47,"column":2},"end":{"line":47,"column":null}},"loc":{"start":{"line":50,"column":16},"end":{"line":52,"column":null}},"line":50}},"branchMap":{"0":{"loc":{"start":{"line":30,"column":4},"end":{"line":30,"column":null}},"type":"default-arg","locations":[{"start":{"line":30,"column":19},"end":{"line":30,"column":null}}],"line":30},"1":{"loc":{"start":{"line":32,"column":95},"end":{"line":32,"column":112}},"type":"binary-expr","locations":[{"start":{"line":32,"column":95},"end":{"line":32,"column":109}},{"start":{"line":32,"column":109},"end":{"line":32,"column":112}}],"line":32},"2":{"loc":{"start":{"line":43,"column":14},"end":{"line":43,"column":114}},"type":"default-arg","locations":[{"start":{"line":43,"column":48},"end":{"line":43,"column":114}}],"line":43},"3":{"loc":{"start":{"line":49,"column":4},"end":{"line":49,"column":null}},"type":"default-arg","locations":[{"start":{"line":49,"column":27},"end":{"line":49,"column":null}}],"line":49}},"s":{"0":5,"1":5,"2":5,"3":5,"4":1,"5":2,"6":1},"f":{"0":5,"1":1,"2":2,"3":1},"b":{"0":[5],"1":[5,5],"2":[2],"3":[1]},"meta":{"lastBranch":4,"lastFunction":4,"lastStatement":7,"seen":{"f:27:2:27:Infinity":0,"b:30:19:30:Infinity":0,"s:32:4:32:Infinity":0,"b:32:95:32:109:32:109:32:112":1,"s:33:4:33:Infinity":1,"s:35:18:35:Infinity":2,"s:36:4:36:Infinity":3,"f:39:2:39:18":1,"s:40:4:40:Infinity":4,"f:43:8:43:14":2,"b:43:48:43:114":2,"s:44:4:44:Infinity":5,"f:47:2:47:Infinity":3,"b:49:27:49:Infinity":3,"s:51:4:51:Infinity":6}}}
,"/home/andrei/work/kaiban-distributed/src/infrastructure/messaging/bullmq-driver.ts": {"path":"/home/andrei/work/kaiban-distributed/src/infrastructure/messaging/bullmq-driver.ts","statementMap":{"0":{"start":{"line":7,"column":39},"end":{"line":7,"column":null}},"1":{"start":{"line":8,"column":41},"end":{"line":8,"column":null}},"2":{"start":{"line":12,"column":4},"end":{"line":12,"column":null}},"3":{"start":{"line":16,"column":4},"end":{"line":18,"column":null}},"4":{"start":{"line":17,"column":6},"end":{"line":17,"column":null}},"5":{"start":{"line":19,"column":18},"end":{"line":19,"column":null}},"6":{"start":{"line":20,"column":44},"end":{"line":20,"column":null}},"7":{"start":{"line":21,"column":4},"end":{"line":21,"column":null}},"8":{"start":{"line":22,"column":44},"end":{"line":22,"column":null}},"9":{"start":{"line":23,"column":4},"end":{"line":23,"column":null}},"10":{"start":{"line":30,"column":4},"end":{"line":40,"column":null}},"11":{"start":{"line":31,"column":21},"end":{"line":38,"column":null}},"12":{"start":{"line":34,"column":16},"end":{"line":34,"column":null}},"13":{"start":{"line":35,"column":10},"end":{"line":35,"column":null}},"14":{"start":{"line":35,"column":44},"end":{"line":35,"column":79}},"15":{"start":{"line":39,"column":6},"end":{"line":39,"column":null}},"16":{"start":{"line":44,"column":19},"end":{"line":44,"column":null}},"17":{"start":{"line":45,"column":4},"end":{"line":48,"column":null}},"18":{"start":{"line":46,"column":6},"end":{"line":46,"column":null}},"19":{"start":{"line":47,"column":6},"end":{"line":47,"column":null}},"20":{"start":{"line":52,"column":26},"end":{"line":54,"column":null}},"21":{"start":{"line":53,"column":6},"end":{"line":53,"column":null}},"22":{"start":{"line":55,"column":27},"end":{"line":57,"column":null}},"23":{"start":{"line":56,"column":6},"end":{"line":56,"column":null}},"24":{"start":{"line":58,"column":4},"end":{"line":58,"column":null}},"25":{"start":{"line":59,"column":4},"end":{"line":59,"column":null}},"26":{"start":{"line":60,"column":4},"end":{"line":60,"column":null}}},"fnMap":{"0":{"name":"(anonymous_0)","decl":{"start":{"line":11,"column":2},"end":{"line":11,"column":14}},"loc":{"start":{"line":11,"column":36},"end":{"line":13,"column":null}},"line":11},"1":{"name":"(anonymous_1)","decl":{"start":{"line":15,"column":8},"end":{"line":15,"column":16}},"loc":{"start":{"line":15,"column":75},"end":{"line":24,"column":null}},"line":15},"2":{"name":"(anonymous_2)","decl":{"start":{"line":26,"column":8},"end":{"line":26,"column":null}},"loc":{"start":{"line":29,"column":19},"end":{"line":41,"column":null}},"line":29},"3":{"name":"(anonymous_3)","decl":{"start":{"line":33,"column":8},"end":{"line":33,"column":15}},"loc":{"start":{"line":33,"column":23},"end":{"line":36,"column":null}},"line":33},"4":{"name":"(anonymous_4)","decl":{"start":{"line":35,"column":38},"end":{"line":35,"column":44}},"loc":{"start":{"line":35,"column":44},"end":{"line":35,"column":79}},"line":35},"5":{"name":"(anonymous_5)","decl":{"start":{"line":43,"column":8},"end":{"line":43,"column":20}},"loc":{"start":{"line":43,"column":54},"end":{"line":49,"column":null}},"line":43},"6":{"name":"(anonymous_6)","decl":{"start":{"line":51,"column":8},"end":{"line":51,"column":36}},"loc":{"start":{"line":51,"column":36},"end":{"line":61,"column":null}},"line":51},"7":{"name":"(anonymous_7)","decl":{"start":{"line":52,"column":63},"end":{"line":52,"column":64}},"loc":{"start":{"line":53,"column":6},"end":{"line":53,"column":null}},"line":53},"8":{"name":"(anonymous_8)","decl":{"start":{"line":55,"column":65},"end":{"line":55,"column":66}},"loc":{"start":{"line":56,"column":6},"end":{"line":56,"column":null}},"line":56}},"branchMap":{"0":{"loc":{"start":{"line":16,"column":4},"end":{"line":18,"column":null}},"type":"if","locations":[{"start":{"line":16,"column":4},"end":{"line":18,"column":null}},{"start":{},"end":{}}],"line":16},"1":{"loc":{"start":{"line":30,"column":4},"end":{"line":40,"column":null}},"type":"if","locations":[{"start":{"line":30,"column":4},"end":{"line":40,"column":null}},{"start":{},"end":{}}],"line":30},"2":{"loc":{"start":{"line":34,"column":42},"end":{"line":34,"column":69}},"type":"binary-expr","locations":[{"start":{"line":34,"column":42},"end":{"line":34,"column":67}},{"start":{"line":34,"column":67},"end":{"line":34,"column":69}}],"line":34},"3":{"loc":{"start":{"line":45,"column":4},"end":{"line":48,"column":null}},"type":"if","locations":[{"start":{"line":45,"column":4},"end":{"line":48,"column":null}},{"start":{},"end":{}}],"line":45}},"s":{"0":11,"1":11,"2":11,"3":5,"4":4,"5":5,"6":5,"7":5,"8":5,"9":5,"10":9,"11":8,"12":2,"13":2,"14":2,"15":8,"16":3,"17":3,"18":2,"19":2,"20":1,"21":1,"22":1,"23":1,"24":1,"25":1,"26":1},"f":{"0":11,"1":5,"2":9,"3":2,"4":2,"5":3,"6":1,"7":1,"8":1},"b":{"0":[4,1],"1":[8,1],"2":[2,1],"3":[2,1]},"meta":{"lastBranch":4,"lastFunction":9,"lastStatement":27,"seen":{"s:7:39:7:Infinity":0,"s:8:41:8:Infinity":1,"f:11:2:11:14":0,"s:12:4:12:Infinity":2,"f:15:8:15:16":1,"b:16:4:18:Infinity:undefined:undefined:undefined:undefined":0,"s:16:4:18:Infinity":3,"s:17:6:17:Infinity":4,"s:19:18:19:Infinity":5,"s:20:44:20:Infinity":6,"s:21:4:21:Infinity":7,"s:22:44:22:Infinity":8,"s:23:4:23:Infinity":9,"f:26:8:26:Infinity":2,"b:30:4:40:Infinity:undefined:undefined:undefined:undefined":1,"s:30:4:40:Infinity":10,"s:31:21:38:Infinity":11,"f:33:8:33:15":3,"s:34:16:34:Infinity":12,"b:34:42:34:67:34:67:34:69":2,"s:35:10:35:Infinity":13,"f:35:38:35:44":4,"s:35:44:35:79":14,"s:39:6:39:Infinity":15,"f:43:8:43:20":5,"s:44:19:44:Infinity":16,"b:45:4:48:Infinity:undefined:undefined:undefined:undefined":3,"s:45:4:48:Infinity":17,"s:46:6:46:Infinity":18,"s:47:6:47:Infinity":19,"f:51:8:51:36":6,"s:52:26:54:Infinity":20,"f:52:63:52:64":7,"s:53:6:53:Infinity":21,"s:55:27:57:Infinity":22,"f:55:65:55:66":8,"s:56:6:56:Infinity":23,"s:58:4:58:Infinity":24,"s:59:4:59:Infinity":25,"s:60:4:60:Infinity":26}}}
,"/home/andrei/work/kaiban-distributed/src/infrastructure/messaging/kafka-driver.ts": {"path":"/home/andrei/work/kaiban-distributed/src/infrastructure/messaging/kafka-driver.ts","statementMap":{"0":{"start":{"line":15,"column":30},"end":{"line":15,"column":null}},"1":{"start":{"line":16,"column":30},"end":{"line":16,"column":null}},"2":{"start":{"line":19,"column":18},"end":{"line":19,"column":null}},"3":{"start":{"line":20,"column":4},"end":{"line":20,"column":null}},"4":{"start":{"line":21,"column":4},"end":{"line":21,"column":null}},"5":{"start":{"line":25,"column":4},"end":{"line":28,"column":null}},"6":{"start":{"line":26,"column":6},"end":{"line":26,"column":null}},"7":{"start":{"line":27,"column":6},"end":{"line":27,"column":null}},"8":{"start":{"line":29,"column":44},"end":{"line":29,"column":null}},"9":{"start":{"line":30,"column":4},"end":{"line":30,"column":null}},"10":{"start":{"line":31,"column":44},"end":{"line":31,"column":null}},"11":{"start":{"line":32,"column":4},"end":{"line":35,"column":null}},"12":{"start":{"line":42,"column":4},"end":{"line":45,"column":null}},"13":{"start":{"line":43,"column":6},"end":{"line":43,"column":null}},"14":{"start":{"line":44,"column":6},"end":{"line":44,"column":null}},"15":{"start":{"line":46,"column":4},"end":{"line":46,"column":null}},"16":{"start":{"line":47,"column":4},"end":{"line":54,"column":null}},"17":{"start":{"line":49,"column":8},"end":{"line":49,"column":null}},"18":{"start":{"line":49,"column":28},"end":{"line":49,"column":null}},"19":{"start":{"line":50,"column":23},"end":{"line":50,"column":null}},"20":{"start":{"line":51,"column":14},"end":{"line":51,"column":null}},"21":{"start":{"line":52,"column":8},"end":{"line":52,"column":null}},"22":{"start":{"line":52,"column":42},"end":{"line":52,"column":57}},"23":{"start":{"line":59,"column":4},"end":{"line":62,"column":null}},"24":{"start":{"line":60,"column":6},"end":{"line":60,"column":null}},"25":{"start":{"line":61,"column":6},"end":{"line":61,"column":null}},"26":{"start":{"line":66,"column":4},"end":{"line":69,"column":null}},"27":{"start":{"line":67,"column":6},"end":{"line":67,"column":null}},"28":{"start":{"line":68,"column":6},"end":{"line":68,"column":null}},"29":{"start":{"line":70,"column":4},"end":{"line":73,"column":null}},"30":{"start":{"line":71,"column":6},"end":{"line":71,"column":null}},"31":{"start":{"line":72,"column":6},"end":{"line":72,"column":null}}},"fnMap":{"0":{"name":"(anonymous_0)","decl":{"start":{"line":18,"column":2},"end":{"line":18,"column":14}},"loc":{"start":{"line":18,"column":41},"end":{"line":22,"column":null}},"line":18},"1":{"name":"(anonymous_1)","decl":{"start":{"line":24,"column":8},"end":{"line":24,"column":16}},"loc":{"start":{"line":24,"column":71},"end":{"line":36,"column":null}},"line":24},"2":{"name":"(anonymous_2)","decl":{"start":{"line":38,"column":8},"end":{"line":38,"column":null}},"loc":{"start":{"line":41,"column":19},"end":{"line":55,"column":null}},"line":41},"3":{"name":"(anonymous_3)","decl":{"start":{"line":48,"column":19},"end":{"line":48,"column":26}},"loc":{"start":{"line":48,"column":42},"end":{"line":53,"column":null}},"line":48},"4":{"name":"(anonymous_4)","decl":{"start":{"line":52,"column":36},"end":{"line":52,"column":42}},"loc":{"start":{"line":52,"column":42},"end":{"line":52,"column":57}},"line":52},"5":{"name":"(anonymous_5)","decl":{"start":{"line":58,"column":8},"end":{"line":58,"column":20}},"loc":{"start":{"line":58,"column":51},"end":{"line":63,"column":null}},"line":58},"6":{"name":"(anonymous_6)","decl":{"start":{"line":65,"column":8},"end":{"line":65,"column":36}},"loc":{"start":{"line":65,"column":36},"end":{"line":74,"column":null}},"line":65}},"branchMap":{"0":{"loc":{"start":{"line":25,"column":4},"end":{"line":28,"column":null}},"type":"if","locations":[{"start":{"line":25,"column":4},"end":{"line":28,"column":null}},{"start":{},"end":{}}],"line":25},"1":{"loc":{"start":{"line":42,"column":4},"end":{"line":45,"column":null}},"type":"if","locations":[{"start":{"line":42,"column":4},"end":{"line":45,"column":null}},{"start":{},"end":{}}],"line":42},"2":{"loc":{"start":{"line":49,"column":8},"end":{"line":49,"column":null}},"type":"if","locations":[{"start":{"line":49,"column":8},"end":{"line":49,"column":null}},{"start":{},"end":{}}],"line":49},"3":{"loc":{"start":{"line":51,"column":40},"end":{"line":51,"column":65}},"type":"binary-expr","locations":[{"start":{"line":51,"column":40},"end":{"line":51,"column":63}},{"start":{"line":51,"column":63},"end":{"line":51,"column":65}}],"line":51},"4":{"loc":{"start":{"line":59,"column":4},"end":{"line":62,"column":null}},"type":"if","locations":[{"start":{"line":59,"column":4},"end":{"line":62,"column":null}},{"start":{},"end":{}}],"line":59},"5":{"loc":{"start":{"line":66,"column":4},"end":{"line":69,"column":null}},"type":"if","locations":[{"start":{"line":66,"column":4},"end":{"line":69,"column":null}},{"start":{},"end":{}}],"line":66},"6":{"loc":{"start":{"line":70,"column":4},"end":{"line":73,"column":null}},"type":"if","locations":[{"start":{"line":70,"column":4},"end":{"line":73,"column":null}},{"start":{},"end":{}}],"line":70}},"s":{"0":11,"1":11,"2":11,"3":11,"4":11,"5":4,"6":3,"7":3,"8":4,"9":4,"10":4,"11":4,"12":8,"13":7,"14":7,"15":8,"16":8,"17":3,"18":1,"19":2,"20":2,"21":3,"22":2,"23":2,"24":1,"25":1,"26":2,"27":1,"28":1,"29":2,"30":1,"31":1},"f":{"0":11,"1":4,"2":8,"3":3,"4":2,"5":2,"6":2},"b":{"0":[3,1],"1":[7,1],"2":[1,2],"3":[2,1],"4":[1,1],"5":[1,1],"6":[1,1]},"meta":{"lastBranch":7,"lastFunction":7,"lastStatement":32,"seen":{"s:15:30:15:Infinity":0,"s:16:30:16:Infinity":1,"f:18:2:18:14":0,"s:19:18:19:Infinity":2,"s:20:4:20:Infinity":3,"s:21:4:21:Infinity":4,"f:24:8:24:16":1,"b:25:4:28:Infinity:undefined:undefined:undefined:undefined":0,"s:25:4:28:Infinity":5,"s:26:6:26:Infinity":6,"s:27:6:27:Infinity":7,"s:29:44:29:Infinity":8,"s:30:4:30:Infinity":9,"s:31:44:31:Infinity":10,"s:32:4:35:Infinity":11,"f:38:8:38:Infinity":2,"b:42:4:45:Infinity:undefined:undefined:undefined:undefined":1,"s:42:4:45:Infinity":12,"s:43:6:43:Infinity":13,"s:44:6:44:Infinity":14,"s:46:4:46:Infinity":15,"s:47:4:54:Infinity":16,"f:48:19:48:26":3,"b:49:8:49:Infinity:undefined:undefined:undefined:undefined":2,"s:49:8:49:Infinity":17,"s:49:28:49:Infinity":18,"s:50:23:50:Infinity":19,"s:51:14:51:Infinity":20,"b:51:40:51:63:51:63:51:65":3,"s:52:8:52:Infinity":21,"f:52:36:52:42":4,"s:52:42:52:57":22,"f:58:8:58:20":5,"b:59:4:62:Infinity:undefined:undefined:undefined:undefined":4,"s:59:4:62:Infinity":23,"s:60:6:60:Infinity":24,"s:61:6:61:Infinity":25,"f:65:8:65:36":6,"b:66:4:69:Infinity:undefined:undefined:undefined:undefined":5,"s:66:4:69:Infinity":26,"s:67:6:67:Infinity":27,"s:68:6:68:Infinity":28,"b:70:4:73:Infinity:undefined:undefined:undefined:undefined":6,"s:70:4:73:Infinity":29,"s:71:6:71:Infinity":30,"s:72:6:72:Infinity":31}}}
,"/home/andrei/work/kaiban-distributed/src/infrastructure/telemetry/TraceContext.ts": {"path":"/home/andrei/work/kaiban-distributed/src/infrastructure/telemetry/TraceContext.ts","statementMap":{"0":{"start":{"line":4,"column":2},"end":{"line":4,"column":null}},"1":{"start":{"line":8,"column":2},"end":{"line":8,"column":null}}},"fnMap":{"0":{"name":"injectTraceContext","decl":{"start":{"line":3,"column":16},"end":{"line":3,"column":35}},"loc":{"start":{"line":3,"column":74},"end":{"line":5,"column":null}},"line":3},"1":{"name":"extractTraceContext","decl":{"start":{"line":7,"column":16},"end":{"line":7,"column":36}},"loc":{"start":{"line":7,"column":109},"end":{"line":9,"column":null}},"line":7}},"branchMap":{},"s":{"0":10,"1":6},"f":{"0":10,"1":6},"b":{},"meta":{"lastBranch":0,"lastFunction":2,"lastStatement":2,"seen":{"f:3:16:3:35":0,"s:4:2:4:Infinity":0,"f:7:16:7:36":1,"s:8:2:8:Infinity":1}}}
,"/home/andrei/work/kaiban-distributed/src/main/config.ts": {"path":"/home/andrei/work/kaiban-distributed/src/main/config.ts","statementMap":{"0":{"start":{"line":22,"column":16},"end":{"line":22,"column":null}},"1":{"start":{"line":23,"column":2},"end":{"line":23,"column":null}},"2":{"start":{"line":23,"column":14},"end":{"line":23,"column":null}},"3":{"start":{"line":24,"column":2},"end":{"line":24,"column":null}},"4":{"start":{"line":28,"column":2},"end":{"line":28,"column":null}},"5":{"start":{"line":32,"column":2},"end":{"line":32,"column":null}},"6":{"start":{"line":32,"column":47},"end":{"line":32,"column":null}},"7":{"start":{"line":33,"column":2},"end":{"line":33,"column":null}},"8":{"start":{"line":37,"column":22},"end":{"line":37,"column":null}},"9":{"start":{"line":38,"column":19},"end":{"line":38,"column":null}},"10":{"start":{"line":39,"column":17},"end":{"line":39,"column":null}},"11":{"start":{"line":41,"column":2},"end":{"line":57,"column":null}},"12":{"start":{"line":56,"column":49},"end":{"line":56,"column":58}}},"fnMap":{"0":{"name":"requireEnv","decl":{"start":{"line":21,"column":9},"end":{"line":21,"column":20}},"loc":{"start":{"line":21,"column":41},"end":{"line":25,"column":null}},"line":21},"1":{"name":"getEnv","decl":{"start":{"line":27,"column":9},"end":{"line":27,"column":16}},"loc":{"start":{"line":27,"column":59},"end":{"line":29,"column":null}},"line":27},"2":{"name":"parseMessagingDriver","decl":{"start":{"line":31,"column":9},"end":{"line":31,"column":30}},"loc":{"start":{"line":31,"column":62},"end":{"line":34,"column":null}},"line":31},"3":{"name":"loadConfig","decl":{"start":{"line":36,"column":16},"end":{"line":36,"column":40}},"loc":{"start":{"line":36,"column":40},"end":{"line":58,"column":null}},"line":36},"4":{"name":"(anonymous_4)","decl":{"start":{"line":56,"column":41},"end":{"line":56,"column":42}},"loc":{"start":{"line":56,"column":49},"end":{"line":56,"column":58}},"line":56}},"branchMap":{"0":{"loc":{"start":{"line":23,"column":2},"end":{"line":23,"column":null}},"type":"if","locations":[{"start":{"line":23,"column":2},"end":{"line":23,"column":null}},{"start":{},"end":{}}],"line":23},"1":{"loc":{"start":{"line":28,"column":9},"end":{"line":28,"column":null}},"type":"binary-expr","locations":[{"start":{"line":28,"column":9},"end":{"line":28,"column":29}},{"start":{"line":28,"column":29},"end":{"line":28,"column":null}}],"line":28},"2":{"loc":{"start":{"line":32,"column":2},"end":{"line":32,"column":null}},"type":"if","locations":[{"start":{"line":32,"column":2},"end":{"line":32,"column":null}},{"start":{},"end":{}}],"line":32},"3":{"loc":{"start":{"line":32,"column":6},"end":{"line":32,"column":47}},"type":"binary-expr","locations":[{"start":{"line":32,"column":6},"end":{"line":32,"column":27}},{"start":{"line":32,"column":27},"end":{"line":32,"column":47}}],"line":32},"4":{"loc":{"start":{"line":49,"column":21},"end":{"line":49,"column":44}},"type":"binary-expr","locations":[{"start":{"line":49,"column":21},"end":{"line":49,"column":36}},{"start":{"line":49,"column":36},"end":{"line":49,"column":44}}],"line":49}},"s":{"0":9,"1":9,"2":1,"3":8,"4":53,"5":8,"6":7,"7":1,"8":9,"9":9,"10":9,"11":9,"12":14},"f":{"0":9,"1":53,"2":8,"3":9,"4":14},"b":{"0":[1,8],"1":[53,36],"2":[7,1],"3":[8,7],"4":[9,1]},"meta":{"lastBranch":5,"lastFunction":5,"lastStatement":13,"seen":{"f:21:9:21:20":0,"s:22:16:22:Infinity":0,"b:23:2:23:Infinity:undefined:undefined:undefined:undefined":0,"s:23:2:23:Infinity":1,"s:23:14:23:Infinity":2,"s:24:2:24:Infinity":3,"f:27:9:27:16":1,"s:28:2:28:Infinity":4,"b:28:9:28:29:28:29:28:Infinity":1,"f:31:9:31:30":2,"b:32:2:32:Infinity:undefined:undefined:undefined:undefined":2,"s:32:2:32:Infinity":5,"b:32:6:32:27:32:27:32:47":3,"s:32:47:32:Infinity":6,"s:33:2:33:Infinity":7,"f:36:16:36:40":3,"s:37:22:37:Infinity":8,"s:38:19:38:Infinity":9,"s:39:17:39:Infinity":10,"s:41:2:57:Infinity":11,"b:49:21:49:36:49:36:49:44":4,"f:56:41:56:42":4,"s:56:49:56:58":12}}}
}
