{"/home/andrei/work/kaiban-distributed/src/adapters/state/distributedMiddleware.ts": {"path":"/home/andrei/work/kaiban-distributed/src/adapters/state/distributedMiddleware.ts","statementMap":{"0":{"start":{"line":8,"column":4},"end":{"line":8,"column":null}},"1":{"start":{"line":9,"column":4},"end":{"line":9,"column":null}},"2":{"start":{"line":17,"column":25},"end":{"line":17,"column":null}},"3":{"start":{"line":20,"column":5},"end":{"line":35,"column":null}},"4":{"start":{"line":21,"column":8},"end":{"line":21,"column":null}},"5":{"start":{"line":23,"column":22},"end":{"line":28,"column":null}},"6":{"start":{"line":30,"column":6},"end":{"line":34,"column":null}},"7":{"start":{"line":31,"column":8},"end":{"line":31,"column":null}},"8":{"start":{"line":33,"column":8},"end":{"line":33,"column":null}},"9":{"start":{"line":37,"column":4},"end":{"line":37,"column":null}},"10":{"start":{"line":41,"column":4},"end":{"line":43,"column":null}},"11":{"start":{"line":42,"column":6},"end":{"line":42,"column":null}}},"fnMap":{"0":{"name":"(anonymous_0)","decl":{"start":{"line":7,"column":2},"end":{"line":7,"column":14}},"loc":{"start":{"line":7,"column":77},"end":{"line":10,"column":null}},"line":7},"1":{"name":"(anonymous_1)","decl":{"start":{"line":16,"column":9},"end":{"line":16,"column":16}},"loc":{"start":{"line":16,"column":41},"end":{"line":38,"column":null}},"line":16},"2":{"name":"(anonymous_2)","decl":{"start":{"line":20,"column":50},"end":{"line":20,"column":57}},"loc":{"start":{"line":20,"column":112},"end":{"line":35,"column":null}},"line":20},"3":{"name":"(anonymous_3)","decl":{"start":{"line":40,"column":15},"end":{"line":40,"column":22}},"loc":{"start":{"line":40,"column":78},"end":{"line":44,"column":null}},"line":40},"4":{"name":"(anonymous_4)","decl":{"start":{"line":41,"column":50},"end":{"line":41,"column":57}},"loc":{"start":{"line":41,"column":85},"end":{"line":43,"column":5}},"line":41}},"branchMap":{"0":{"loc":{"start":{"line":7,"column":40},"end":{"line":7,"column":77}},"type":"default-arg","locations":[{"start":{"line":7,"column":54},"end":{"line":7,"column":77}}],"line":7}},"s":{"0":1,"1":1,"2":1,"3":1,"4":1,"5":1,"6":1,"7":1,"8":0,"9":1,"10":0,"11":0},"f":{"0":1,"1":1,"2":1,"3":0,"4":0},"b":{"0":[1]},"meta":{"lastBranch":1,"lastFunction":5,"lastStatement":12,"seen":{"f:7:2:7:14":0,"b:7:54:7:77":0,"s:8:4:8:Infinity":0,"s:9:4:9:Infinity":1,"f:16:9:16:16":1,"s:17:25:17:Infinity":2,"s:20:5:35:Infinity":3,"f:20:50:20:57":2,"s:21:8:21:Infinity":4,"s:23:22:28:Infinity":5,"s:30:6:34:Infinity":6,"s:31:8:31:Infinity":7,"s:33:8:33:Infinity":8,"s:37:4:37:Infinity":9,"f:40:15:40:22":3,"s:41:4:43:Infinity":10,"f:41:50:41:57":4,"s:42:6:42:Infinity":11}}}
,"/home/andrei/work/kaiban-distributed/src/application/actor/AgentActor.ts": {"path":"/home/andrei/work/kaiban-distributed/src/application/actor/AgentActor.ts","statementMap":{"0":{"start":{"line":9,"column":4},"end":{"line":9,"column":null}},"1":{"start":{"line":10,"column":4},"end":{"line":10,"column":null}},"2":{"start":{"line":11,"column":4},"end":{"line":11,"column":null}},"3":{"start":{"line":15,"column":4},"end":{"line":15,"column":null}},"4":{"start":{"line":16,"column":4},"end":{"line":16,"column":null}},"5":{"start":{"line":20,"column":4},"end":{"line":20,"column":null}},"6":{"start":{"line":23,"column":4},"end":{"line":26,"column":null}},"7":{"start":{"line":24,"column":6},"end":{"line":24,"column":null}},"8":{"start":{"line":25,"column":6},"end":{"line":25,"column":null}},"9":{"start":{"line":28,"column":4},"end":{"line":42,"column":null}},"10":{"start":{"line":30,"column":6},"end":{"line":30,"column":null}},"11":{"start":{"line":30,"column":35},"end":{"line":30,"column":58}},"12":{"start":{"line":33,"column":6},"end":{"line":38,"column":null}},"13":{"start":{"line":39,"column":6},"end":{"line":39,"column":null}},"14":{"start":{"line":41,"column":6},"end":{"line":41,"column":null}},"15":{"start":{"line":46,"column":4},"end":{"line":46,"column":null}},"16":{"start":{"line":49,"column":4},"end":{"line":49,"column":null}}},"fnMap":{"0":{"name":"(anonymous_0)","decl":{"start":{"line":8,"column":2},"end":{"line":8,"column":14}},"loc":{"start":{"line":8,"column":71},"end":{"line":12,"column":null}},"line":8},"1":{"name":"(anonymous_1)","decl":{"start":{"line":14,"column":15},"end":{"line":14,"column":38}},"loc":{"start":{"line":14,"column":38},"end":{"line":17,"column":null}},"line":14},"2":{"name":"(anonymous_2)","decl":{"start":{"line":19,"column":16},"end":{"line":19,"column":28}},"loc":{"start":{"line":19,"column":68},"end":{"line":43,"column":null}},"line":19},"3":{"name":"(anonymous_3)","decl":{"start":{"line":30,"column":24},"end":{"line":30,"column":35}},"loc":{"start":{"line":30,"column":35},"end":{"line":30,"column":58}},"line":30},"4":{"name":"(anonymous_4)","decl":{"start":{"line":45,"column":15},"end":{"line":45,"column":37}},"loc":{"start":{"line":45,"column":37},"end":{"line":50,"column":null}},"line":45}},"branchMap":{"0":{"loc":{"start":{"line":23,"column":4},"end":{"line":26,"column":null}},"type":"if","locations":[{"start":{"line":23,"column":4},"end":{"line":26,"column":null}},{"start":{},"end":{}}],"line":23},"1":{"loc":{"start":{"line":23,"column":8},"end":{"line":23,"column":64}},"type":"binary-expr","locations":[{"start":{"line":23,"column":8},"end":{"line":23,"column":39}},{"start":{"line":23,"column":39},"end":{"line":23,"column":64}}],"line":23}},"s":{"0":2,"1":2,"2":2,"3":2,"4":2,"5":1,"6":1,"7":0,"8":0,"9":1,"10":1,"11":1,"12":1,"13":1,"14":0,"15":0,"16":0},"f":{"0":2,"1":2,"2":1,"3":1,"4":0},"b":{"0":[0,1],"1":[1,0]},"meta":{"lastBranch":2,"lastFunction":5,"lastStatement":17,"seen":{"f:8:2:8:14":0,"s:9:4:9:Infinity":0,"s:10:4:10:Infinity":1,"s:11:4:11:Infinity":2,"f:14:15:14:38":1,"s:15:4:15:Infinity":3,"s:16:4:16:Infinity":4,"f:19:16:19:28":2,"s:20:4:20:Infinity":5,"b:23:4:26:Infinity:undefined:undefined:undefined:undefined":0,"s:23:4:26:Infinity":6,"b:23:8:23:39:23:39:23:64":1,"s:24:6:24:Infinity":7,"s:25:6:25:Infinity":8,"s:28:4:42:Infinity":9,"s:30:6:30:Infinity":10,"f:30:24:30:35":3,"s:30:35:30:58":11,"s:33:6:38:Infinity":12,"s:39:6:39:Infinity":13,"s:41:6:41:Infinity":14,"f:45:15:45:37":4,"s:46:4:46:Infinity":15,"s:49:4:49:Infinity":16}}}
,"/home/andrei/work/kaiban-distributed/src/infrastructure/federation/mcp-client.ts": {"path":"/home/andrei/work/kaiban-distributed/src/infrastructure/federation/mcp-client.ts","statementMap":{"0":{"start":{"line":6,"column":51},"end":{"line":6,"column":null}},"1":{"start":{"line":11,"column":4},"end":{"line":11,"column":null}},"2":{"start":{"line":12,"column":4},"end":{"line":12,"column":null}},"3":{"start":{"line":15,"column":4},"end":{"line":20,"column":null}},"4":{"start":{"line":24,"column":4},"end":{"line":24,"column":null}},"5":{"start":{"line":25,"column":4},"end":{"line":28,"column":null}},"6":{"start":{"line":29,"column":4},"end":{"line":29,"column":null}},"7":{"start":{"line":30,"column":4},"end":{"line":30,"column":null}},"8":{"start":{"line":34,"column":4},"end":{"line":34,"column":null}},"9":{"start":{"line":38,"column":4},"end":{"line":41,"column":null}},"10":{"start":{"line":45,"column":4},"end":{"line":49,"column":null}},"11":{"start":{"line":46,"column":6},"end":{"line":46,"column":null}},"12":{"start":{"line":47,"column":6},"end":{"line":47,"column":null}},"13":{"start":{"line":48,"column":6},"end":{"line":48,"column":null}}},"fnMap":{"0":{"name":"(anonymous_0)","decl":{"start":{"line":10,"column":2},"end":{"line":10,"column":14}},"loc":{"start":{"line":10,"column":64},"end":{"line":21,"column":null}},"line":10},"1":{"name":"(anonymous_1)","decl":{"start":{"line":23,"column":15},"end":{"line":23,"column":40}},"loc":{"start":{"line":23,"column":40},"end":{"line":31,"column":null}},"line":23},"2":{"name":"(anonymous_2)","decl":{"start":{"line":33,"column":15},"end":{"line":33,"column":45}},"loc":{"start":{"line":33,"column":45},"end":{"line":35,"column":null}},"line":33},"3":{"name":"(anonymous_3)","decl":{"start":{"line":37,"column":15},"end":{"line":37,"column":24}},"loc":{"start":{"line":37,"column":87},"end":{"line":42,"column":null}},"line":37},"4":{"name":"(anonymous_4)","decl":{"start":{"line":44,"column":15},"end":{"line":44,"column":43}},"loc":{"start":{"line":44,"column":43},"end":{"line":50,"column":null}},"line":44}},"branchMap":{"0":{"loc":{"start":{"line":10,"column":37},"end":{"line":10,"column":64}},"type":"default-arg","locations":[{"start":{"line":10,"column":60},"end":{"line":10,"column":64}}],"line":10},"1":{"loc":{"start":{"line":45,"column":4},"end":{"line":49,"column":null}},"type":"if","locations":[{"start":{"line":45,"column":4},"end":{"line":49,"column":null}},{"start":{},"end":{}}],"line":45}},"s":{"0":1,"1":1,"2":1,"3":1,"4":1,"5":1,"6":1,"7":1,"8":1,"9":1,"10":1,"11":1,"12":1,"13":1},"f":{"0":1,"1":1,"2":1,"3":1,"4":1},"b":{"0":[1],"1":[1,0]},"meta":{"lastBranch":2,"lastFunction":5,"lastStatement":14,"seen":{"s:6:51:6:Infinity":0,"f:10:2:10:14":0,"b:10:60:10:64":0,"s:11:4:11:Infinity":1,"s:12:4:12:Infinity":2,"s:15:4:20:Infinity":3,"f:23:15:23:40":1,"s:24:4:24:Infinity":4,"s:25:4:28:Infinity":5,"s:29:4:29:Infinity":6,"s:30:4:30:Infinity":7,"f:33:15:33:45":2,"s:34:4:34:Infinity":8,"f:37:15:37:24":3,"s:38:4:41:Infinity":9,"f:44:15:44:43":4,"b:45:4:49:Infinity:undefined:undefined:undefined:undefined":1,"s:45:4:49:Infinity":10,"s:46:6:46:Infinity":11,"s:47:6:47:Infinity":12,"s:48:6:48:Infinity":13}}}
,"/home/andrei/work/kaiban-distributed/src/infrastructure/messaging/bullmq-driver.ts": {"path":"/home/andrei/work/kaiban-distributed/src/infrastructure/messaging/bullmq-driver.ts","statementMap":{"0":{"start":{"line":5,"column":39},"end":{"line":5,"column":null}},"1":{"start":{"line":6,"column":41},"end":{"line":6,"column":null}},"2":{"start":{"line":10,"column":4},"end":{"line":10,"column":null}},"3":{"start":{"line":14,"column":4},"end":{"line":16,"column":null}},"4":{"start":{"line":15,"column":6},"end":{"line":15,"column":null}},"5":{"start":{"line":17,"column":18},"end":{"line":17,"column":null}},"6":{"start":{"line":18,"column":4},"end":{"line":18,"column":null}},"7":{"start":{"line":22,"column":4},"end":{"line":27,"column":null}},"8":{"start":{"line":23,"column":21},"end":{"line":25,"column":null}},"9":{"start":{"line":24,"column":8},"end":{"line":24,"column":null}},"10":{"start":{"line":26,"column":6},"end":{"line":26,"column":null}},"11":{"start":{"line":31,"column":26},"end":{"line":31,"column":null}},"12":{"start":{"line":31,"column":68},"end":{"line":31,"column":77}},"13":{"start":{"line":32,"column":27},"end":{"line":32,"column":null}},"14":{"start":{"line":32,"column":70},"end":{"line":32,"column":79}},"15":{"start":{"line":33,"column":4},"end":{"line":33,"column":null}},"16":{"start":{"line":34,"column":4},"end":{"line":34,"column":null}},"17":{"start":{"line":35,"column":4},"end":{"line":35,"column":null}}},"fnMap":{"0":{"name":"(anonymous_0)","decl":{"start":{"line":9,"column":2},"end":{"line":9,"column":14}},"loc":{"start":{"line":9,"column":36},"end":{"line":11,"column":null}},"line":9},"1":{"name":"(anonymous_1)","decl":{"start":{"line":13,"column":8},"end":{"line":13,"column":16}},"loc":{"start":{"line":13,"column":75},"end":{"line":19,"column":null}},"line":13},"2":{"name":"(anonymous_2)","decl":{"start":{"line":21,"column":8},"end":{"line":21,"column":18}},"loc":{"start":{"line":21,"column":105},"end":{"line":28,"column":null}},"line":21},"3":{"name":"(anonymous_3)","decl":{"start":{"line":23,"column":43},"end":{"line":23,"column":50}},"loc":{"start":{"line":23,"column":58},"end":{"line":25,"column":9}},"line":23},"4":{"name":"(anonymous_4)","decl":{"start":{"line":30,"column":8},"end":{"line":30,"column":36}},"loc":{"start":{"line":30,"column":36},"end":{"line":36,"column":null}},"line":30},"5":{"name":"(anonymous_5)","decl":{"start":{"line":31,"column":63},"end":{"line":31,"column":68}},"loc":{"start":{"line":31,"column":68},"end":{"line":31,"column":77}},"line":31},"6":{"name":"(anonymous_6)","decl":{"start":{"line":32,"column":65},"end":{"line":32,"column":70}},"loc":{"start":{"line":32,"column":70},"end":{"line":32,"column":79}},"line":32}},"branchMap":{"0":{"loc":{"start":{"line":14,"column":4},"end":{"line":16,"column":null}},"type":"if","locations":[{"start":{"line":14,"column":4},"end":{"line":16,"column":null}},{"start":{},"end":{}}],"line":14},"1":{"loc":{"start":{"line":22,"column":4},"end":{"line":27,"column":null}},"type":"if","locations":[{"start":{"line":22,"column":4},"end":{"line":27,"column":null}},{"start":{},"end":{}}],"line":22}},"s":{"0":2,"1":2,"2":2,"3":1,"4":1,"5":1,"6":1,"7":1,"8":1,"9":0,"10":1,"11":0,"12":0,"13":0,"14":0,"15":0,"16":0,"17":0},"f":{"0":2,"1":1,"2":1,"3":0,"4":0,"5":0,"6":0},"b":{"0":[1,0],"1":[1,0]},"meta":{"lastBranch":2,"lastFunction":7,"lastStatement":18,"seen":{"s:5:39:5:Infinity":0,"s:6:41:6:Infinity":1,"f:9:2:9:14":0,"s:10:4:10:Infinity":2,"f:13:8:13:16":1,"b:14:4:16:Infinity:undefined:undefined:undefined:undefined":0,"s:14:4:16:Infinity":3,"s:15:6:15:Infinity":4,"s:17:18:17:Infinity":5,"s:18:4:18:Infinity":6,"f:21:8:21:18":2,"b:22:4:27:Infinity:undefined:undefined:undefined:undefined":1,"s:22:4:27:Infinity":7,"s:23:21:25:Infinity":8,"f:23:43:23:50":3,"s:24:8:24:Infinity":9,"s:26:6:26:Infinity":10,"f:30:8:30:36":4,"s:31:26:31:Infinity":11,"f:31:63:31:68":5,"s:31:68:31:77":12,"s:32:27:32:Infinity":13,"f:32:65:32:70":6,"s:32:70:32:79":14,"s:33:4:33:Infinity":15,"s:34:4:34:Infinity":16,"s:35:4:35:Infinity":17}}}
}
